{"D:\\Daigaku\\Semester7\\CSP\\csp-cinema copy\\client\\src\\hooks\\use-toast.ts": {"path":"D:\\Daigaku\\Semester7\\CSP\\csp-cinema copy\\client\\src\\hooks\\use-toast.ts","statementMap":{"0":{"start":{"line":8,"column":20},"end":{"line":8,"column":null}},"1":{"start":{"line":9,"column":27},"end":{"line":9,"column":null}},"2":{"start":{"line":18,"column":20},"end":{"line":23,"column":null}},"3":{"start":{"line":25,"column":12},"end":{"line":25,"column":null}},"4":{"start":{"line":28,"column":2},"end":{"line":28,"column":null}},"5":{"start":{"line":29,"column":2},"end":{"line":29,"column":null}},"6":{"start":{"line":56,"column":22},"end":{"line":56,"column":null}},"7":{"start":{"line":58,"column":25},"end":{"line":72,"column":null}},"8":{"start":{"line":59,"column":2},"end":{"line":61,"column":null}},"9":{"start":{"line":60,"column":4},"end":{"line":60,"column":null}},"10":{"start":{"line":63,"column":18},"end":{"line":69,"column":null}},"11":{"start":{"line":64,"column":4},"end":{"line":64,"column":null}},"12":{"start":{"line":65,"column":4},"end":{"line":68,"column":null}},"13":{"start":{"line":71,"column":2},"end":{"line":71,"column":null}},"14":{"start":{"line":74,"column":23},"end":{"line":127,"column":null}},"15":{"start":{"line":75,"column":2},"end":{"line":126,"column":null}},"16":{"start":{"line":77,"column":6},"end":{"line":80,"column":null}},"17":{"start":{"line":83,"column":6},"end":{"line":88,"column":null}},"18":{"start":{"line":86,"column":10},"end":{"line":86,"column":null}},"19":{"start":{"line":91,"column":26},"end":{"line":91,"column":null}},"20":{"start":{"line":95,"column":6},"end":{"line":101,"column":null}},"21":{"start":{"line":96,"column":8},"end":{"line":96,"column":null}},"22":{"start":{"line":98,"column":8},"end":{"line":100,"column":null}},"23":{"start":{"line":99,"column":10},"end":{"line":99,"column":null}},"24":{"start":{"line":103,"column":6},"end":{"line":113,"column":null}},"25":{"start":{"line":106,"column":10},"end":{"line":111,"column":null}},"26":{"start":{"line":116,"column":6},"end":{"line":121,"column":null}},"27":{"start":{"line":117,"column":8},"end":{"line":120,"column":null}},"28":{"start":{"line":122,"column":6},"end":{"line":125,"column":null}},"29":{"start":{"line":124,"column":43},"end":{"line":124,"column":66}},"30":{"start":{"line":129,"column":49},"end":{"line":129,"column":null}},"31":{"start":{"line":131,"column":25},"end":{"line":131,"column":null}},"32":{"start":{"line":134,"column":2},"end":{"line":134,"column":null}},"33":{"start":{"line":135,"column":2},"end":{"line":137,"column":null}},"34":{"start":{"line":136,"column":4},"end":{"line":136,"column":null}},"35":{"start":{"line":143,"column":13},"end":{"line":143,"column":null}},"36":{"start":{"line":145,"column":17},"end":{"line":149,"column":null}},"37":{"start":{"line":146,"column":4},"end":{"line":149,"column":null}},"38":{"start":{"line":150,"column":18},"end":{"line":150,"column":null}},"39":{"start":{"line":150,"column":24},"end":{"line":150,"column":null}},"40":{"start":{"line":152,"column":2},"end":{"line":162,"column":null}},"41":{"start":{"line":159,"column":8},"end":{"line":159,"column":null}},"42":{"start":{"line":159,"column":19},"end":{"line":159,"column":null}},"43":{"start":{"line":164,"column":2},"end":{"line":168,"column":null}},"44":{"start":{"line":172,"column":28},"end":{"line":172,"column":null}},"45":{"start":{"line":174,"column":2},"end":{"line":182,"column":null}},"46":{"start":{"line":175,"column":4},"end":{"line":175,"column":null}},"47":{"start":{"line":176,"column":4},"end":{"line":181,"column":null}},"48":{"start":{"line":177,"column":20},"end":{"line":177,"column":null}},"49":{"start":{"line":178,"column":6},"end":{"line":180,"column":null}},"50":{"start":{"line":179,"column":8},"end":{"line":179,"column":null}},"51":{"start":{"line":184,"column":2},"end":{"line":188,"column":null}},"52":{"start":{"line":187,"column":35},"end":{"line":187,"column":null}}},"fnMap":{"0":{"name":"genId","decl":{"start":{"line":27,"column":9},"end":{"line":27,"column":17}},"loc":{"start":{"line":27,"column":17},"end":{"line":30,"column":null}},"line":27},"1":{"name":"(anonymous_1)","decl":{"start":{"line":58,"column":25},"end":{"line":58,"column":26}},"loc":{"start":{"line":58,"column":46},"end":{"line":72,"column":null}},"line":58},"2":{"name":"(anonymous_2)","decl":{"start":{"line":63,"column":29},"end":{"line":63,"column":35}},"loc":{"start":{"line":63,"column":35},"end":{"line":69,"column":5}},"line":63},"3":{"name":"(anonymous_3)","decl":{"start":{"line":74,"column":23},"end":{"line":74,"column":24}},"loc":{"start":{"line":74,"column":64},"end":{"line":127,"column":null}},"line":74},"4":{"name":"(anonymous_4)","decl":{"start":{"line":85,"column":33},"end":{"line":85,"column":34}},"loc":{"start":{"line":86,"column":10},"end":{"line":86,"column":null}},"line":86},"5":{"name":"(anonymous_5)","decl":{"start":{"line":98,"column":29},"end":{"line":98,"column":30}},"loc":{"start":{"line":98,"column":40},"end":{"line":100,"column":9}},"line":98},"6":{"name":"(anonymous_6)","decl":{"start":{"line":105,"column":33},"end":{"line":105,"column":34}},"loc":{"start":{"line":106,"column":10},"end":{"line":111,"column":null}},"line":106},"7":{"name":"(anonymous_7)","decl":{"start":{"line":124,"column":36},"end":{"line":124,"column":37}},"loc":{"start":{"line":124,"column":43},"end":{"line":124,"column":66}},"line":124},"8":{"name":"dispatch","decl":{"start":{"line":133,"column":9},"end":{"line":133,"column":18}},"loc":{"start":{"line":133,"column":34},"end":{"line":138,"column":null}},"line":133},"9":{"name":"(anonymous_9)","decl":{"start":{"line":135,"column":20},"end":{"line":135,"column":21}},"loc":{"start":{"line":135,"column":34},"end":{"line":137,"column":3}},"line":135},"10":{"name":"toast","decl":{"start":{"line":142,"column":9},"end":{"line":142,"column":15}},"loc":{"start":{"line":142,"column":36},"end":{"line":169,"column":null}},"line":142},"11":{"name":"(anonymous_11)","decl":{"start":{"line":145,"column":17},"end":{"line":145,"column":18}},"loc":{"start":{"line":146,"column":4},"end":{"line":149,"column":null}},"line":146},"12":{"name":"(anonymous_12)","decl":{"start":{"line":150,"column":18},"end":{"line":150,"column":24}},"loc":{"start":{"line":150,"column":24},"end":{"line":150,"column":null}},"line":150},"13":{"name":"(anonymous_13)","decl":{"start":{"line":158,"column":20},"end":{"line":158,"column":21}},"loc":{"start":{"line":158,"column":30},"end":{"line":160,"column":null}},"line":158},"14":{"name":"useToast","decl":{"start":{"line":171,"column":9},"end":{"line":171,"column":20}},"loc":{"start":{"line":171,"column":20},"end":{"line":189,"column":null}},"line":171},"15":{"name":"(anonymous_15)","decl":{"start":{"line":174,"column":18},"end":{"line":174,"column":24}},"loc":{"start":{"line":174,"column":24},"end":{"line":182,"column":5}},"line":174},"16":{"name":"(anonymous_16)","decl":{"start":{"line":176,"column":11},"end":{"line":176,"column":17}},"loc":{"start":{"line":176,"column":17},"end":{"line":181,"column":null}},"line":176},"17":{"name":"(anonymous_17)","decl":{"start":{"line":187,"column":13},"end":{"line":187,"column":14}},"loc":{"start":{"line":187,"column":35},"end":{"line":187,"column":null}},"line":187}},"branchMap":{"0":{"loc":{"start":{"line":59,"column":2},"end":{"line":61,"column":null}},"type":"if","locations":[{"start":{"line":59,"column":2},"end":{"line":61,"column":null}},{"start":{},"end":{}}],"line":59},"1":{"loc":{"start":{"line":75,"column":2},"end":{"line":126,"column":null}},"type":"switch","locations":[{"start":{"line":76,"column":4},"end":{"line":80,"column":null}},{"start":{"line":82,"column":4},"end":{"line":88,"column":null}},{"start":{"line":90,"column":4},"end":{"line":114,"column":null}},{"start":{"line":115,"column":4},"end":{"line":125,"column":null}}],"line":75},"2":{"loc":{"start":{"line":86,"column":10},"end":{"line":86,"column":null}},"type":"cond-expr","locations":[{"start":{"line":86,"column":37},"end":{"line":86,"column":65}},{"start":{"line":86,"column":65},"end":{"line":86,"column":null}}],"line":86},"3":{"loc":{"start":{"line":95,"column":6},"end":{"line":101,"column":null}},"type":"if","locations":[{"start":{"line":95,"column":6},"end":{"line":101,"column":null}},{"start":{"line":97,"column":13},"end":{"line":101,"column":null}}],"line":95},"4":{"loc":{"start":{"line":106,"column":10},"end":{"line":111,"column":null}},"type":"cond-expr","locations":[{"start":{"line":107,"column":14},"end":{"line":110,"column":null}},{"start":{"line":111,"column":14},"end":{"line":111,"column":null}}],"line":106},"5":{"loc":{"start":{"line":106,"column":10},"end":{"line":106,"column":null}},"type":"binary-expr","locations":[{"start":{"line":106,"column":10},"end":{"line":106,"column":30}},{"start":{"line":106,"column":30},"end":{"line":106,"column":null}}],"line":106},"6":{"loc":{"start":{"line":116,"column":6},"end":{"line":121,"column":null}},"type":"if","locations":[{"start":{"line":116,"column":6},"end":{"line":121,"column":null}},{"start":{},"end":{}}],"line":116},"7":{"loc":{"start":{"line":159,"column":8},"end":{"line":159,"column":null}},"type":"if","locations":[{"start":{"line":159,"column":8},"end":{"line":159,"column":null}},{"start":{},"end":{}}],"line":159},"8":{"loc":{"start":{"line":178,"column":6},"end":{"line":180,"column":null}},"type":"if","locations":[{"start":{"line":178,"column":6},"end":{"line":180,"column":null}},{"start":{},"end":{}}],"line":178}},"s":{"0":1,"1":1,"2":1,"3":1,"4":0,"5":0,"6":1,"7":1,"8":3,"9":1,"10":2,"11":0,"12":0,"13":2,"14":1,"15":6,"16":1,"17":1,"18":1,"19":2,"20":2,"21":1,"22":1,"23":2,"24":2,"25":4,"26":2,"27":1,"28":1,"29":2,"30":1,"31":1,"32":0,"33":0,"34":0,"35":0,"36":0,"37":0,"38":0,"39":0,"40":0,"41":0,"42":0,"43":0,"44":0,"45":0,"46":0,"47":0,"48":0,"49":0,"50":0,"51":0,"52":0},"f":{"0":0,"1":3,"2":0,"3":6,"4":1,"5":2,"6":4,"7":2,"8":0,"9":0,"10":0,"11":0,"12":0,"13":0,"14":0,"15":0,"16":0,"17":0},"b":{"0":[1,2],"1":[1,1,2,2],"2":[1,0],"3":[1,1],"4":[3,1],"5":[4,3],"6":[1,1],"7":[0,0],"8":[0,0]},"meta":{"lastBranch":9,"lastFunction":18,"lastStatement":53,"seen":{"s:8:20:8:Infinity":0,"s:9:27:9:Infinity":1,"s:18:20:23:Infinity":2,"s:25:12:25:Infinity":3,"f:27:9:27:17":0,"s:28:2:28:Infinity":4,"s:29:2:29:Infinity":5,"s:56:22:56:Infinity":6,"s:58:25:72:Infinity":7,"f:58:25:58:26":1,"b:59:2:61:Infinity:undefined:undefined:undefined:undefined":0,"s:59:2:61:Infinity":8,"s:60:4:60:Infinity":9,"s:63:18:69:Infinity":10,"f:63:29:63:35":2,"s:64:4:64:Infinity":11,"s:65:4:68:Infinity":12,"s:71:2:71:Infinity":13,"s:74:23:127:Infinity":14,"f:74:23:74:24":3,"b:76:4:80:Infinity:82:4:88:Infinity:90:4:114:Infinity:115:4:125:Infinity":1,"s:75:2:126:Infinity":15,"s:77:6:80:Infinity":16,"s:83:6:88:Infinity":17,"f:85:33:85:34":4,"s:86:10:86:Infinity":18,"b:86:37:86:65:86:65:86:Infinity":2,"s:91:26:91:Infinity":19,"b:95:6:101:Infinity:97:13:101:Infinity":3,"s:95:6:101:Infinity":20,"s:96:8:96:Infinity":21,"s:98:8:100:Infinity":22,"f:98:29:98:30":5,"s:99:10:99:Infinity":23,"s:103:6:113:Infinity":24,"f:105:33:105:34":6,"s:106:10:111:Infinity":25,"b:107:14:110:Infinity:111:14:111:Infinity":4,"b:106:10:106:30:106:30:106:Infinity":5,"b:116:6:121:Infinity:undefined:undefined:undefined:undefined":6,"s:116:6:121:Infinity":26,"s:117:8:120:Infinity":27,"s:122:6:125:Infinity":28,"f:124:36:124:37":7,"s:124:43:124:66":29,"s:129:49:129:Infinity":30,"s:131:25:131:Infinity":31,"f:133:9:133:18":8,"s:134:2:134:Infinity":32,"s:135:2:137:Infinity":33,"f:135:20:135:21":9,"s:136:4:136:Infinity":34,"f:142:9:142:15":10,"s:143:13:143:Infinity":35,"s:145:17:149:Infinity":36,"f:145:17:145:18":11,"s:146:4:149:Infinity":37,"s:150:18:150:Infinity":38,"f:150:18:150:24":12,"s:150:24:150:Infinity":39,"s:152:2:162:Infinity":40,"f:158:20:158:21":13,"b:159:8:159:Infinity:undefined:undefined:undefined:undefined":7,"s:159:8:159:Infinity":41,"s:159:19:159:Infinity":42,"s:164:2:168:Infinity":43,"f:171:9:171:20":14,"s:172:28:172:Infinity":44,"s:174:2:182:Infinity":45,"f:174:18:174:24":15,"s:175:4:175:Infinity":46,"s:176:4:181:Infinity":47,"f:176:11:176:17":16,"s:177:20:177:Infinity":48,"b:178:6:180:Infinity:undefined:undefined:undefined:undefined":8,"s:178:6:180:Infinity":49,"s:179:8:179:Infinity":50,"s:184:2:188:Infinity":51,"f:187:13:187:14":17,"s:187:35:187:Infinity":52}}}
,"D:\\Daigaku\\Semester7\\CSP\\csp-cinema copy\\client\\src\\lib\\queryClient.ts": {"path":"D:\\Daigaku\\Semester7\\CSP\\csp-cinema copy\\client\\src\\lib\\queryClient.ts","statementMap":{"0":{"start":{"line":4,"column":2},"end":{"line":7,"column":null}},"1":{"start":{"line":5,"column":18},"end":{"line":5,"column":null}},"2":{"start":{"line":6,"column":4},"end":{"line":6,"column":null}},"3":{"start":{"line":15,"column":14},"end":{"line":20,"column":null}},"4":{"start":{"line":22,"column":2},"end":{"line":22,"column":null}},"5":{"start":{"line":23,"column":2},"end":{"line":23,"column":null}},"6":{"start":{"line":30,"column":2},"end":{"line":42,"column":null}},"7":{"start":{"line":31,"column":2},"end":{"line":42,"column":null}},"8":{"start":{"line":32,"column":16},"end":{"line":34,"column":null}},"9":{"start":{"line":36,"column":4},"end":{"line":38,"column":null}},"10":{"start":{"line":37,"column":6},"end":{"line":37,"column":null}},"11":{"start":{"line":40,"column":4},"end":{"line":40,"column":null}},"12":{"start":{"line":41,"column":4},"end":{"line":41,"column":null}},"13":{"start":{"line":44,"column":27},"end":{"line":57,"column":null}}},"fnMap":{"0":{"name":"throwIfResNotOk","decl":{"start":{"line":3,"column":15},"end":{"line":3,"column":31}},"loc":{"start":{"line":3,"column":46},"end":{"line":8,"column":null}},"line":3},"1":{"name":"apiRequest","decl":{"start":{"line":10,"column":22},"end":{"line":10,"column":null}},"loc":{"start":{"line":14,"column":21},"end":{"line":24,"column":null}},"line":14},"2":{"name":"(anonymous_2)","decl":{"start":{"line":30,"column":2},"end":{"line":30,"column":3}},"loc":{"start":{"line":31,"column":2},"end":{"line":42,"column":null}},"line":31},"3":{"name":"(anonymous_3)","decl":{"start":{"line":31,"column":2},"end":{"line":31,"column":9}},"loc":{"start":{"line":31,"column":26},"end":{"line":42,"column":null}},"line":31}},"branchMap":{"0":{"loc":{"start":{"line":4,"column":2},"end":{"line":7,"column":null}},"type":"if","locations":[{"start":{"line":4,"column":2},"end":{"line":7,"column":null}},{"start":{},"end":{}}],"line":4},"1":{"loc":{"start":{"line":5,"column":18},"end":{"line":5,"column":null}},"type":"binary-expr","locations":[{"start":{"line":5,"column":18},"end":{"line":5,"column":39}},{"start":{"line":5,"column":39},"end":{"line":5,"column":null}}],"line":5},"2":{"loc":{"start":{"line":17,"column":13},"end":{"line":17,"column":null}},"type":"cond-expr","locations":[{"start":{"line":17,"column":20},"end":{"line":17,"column":61}},{"start":{"line":17,"column":61},"end":{"line":17,"column":null}}],"line":17},"3":{"loc":{"start":{"line":18,"column":10},"end":{"line":18,"column":null}},"type":"cond-expr","locations":[{"start":{"line":18,"column":17},"end":{"line":18,"column":40}},{"start":{"line":18,"column":40},"end":{"line":18,"column":null}}],"line":18},"4":{"loc":{"start":{"line":36,"column":4},"end":{"line":38,"column":null}},"type":"if","locations":[{"start":{"line":36,"column":4},"end":{"line":38,"column":null}},{"start":{},"end":{}}],"line":36},"5":{"loc":{"start":{"line":36,"column":8},"end":{"line":36,"column":69}},"type":"binary-expr","locations":[{"start":{"line":36,"column":8},"end":{"line":36,"column":49}},{"start":{"line":36,"column":49},"end":{"line":36,"column":69}}],"line":36}},"s":{"0":3,"1":1,"2":1,"3":2,"4":2,"5":1,"6":1,"7":3,"8":2,"9":2,"10":1,"11":1,"12":1,"13":1},"f":{"0":3,"1":2,"2":3,"3":2},"b":{"0":[1,2],"1":[1,0],"2":[0,2],"3":[0,2],"4":[1,1],"5":[2,1]},"meta":{"lastBranch":6,"lastFunction":4,"lastStatement":14,"seen":{"f:3:15:3:31":0,"b:4:2:7:Infinity:undefined:undefined:undefined:undefined":0,"s:4:2:7:Infinity":0,"s:5:18:5:Infinity":1,"b:5:18:5:39:5:39:5:Infinity":1,"s:6:4:6:Infinity":2,"f:10:22:10:Infinity":1,"s:15:14:20:Infinity":3,"b:17:20:17:61:17:61:17:Infinity":2,"b:18:17:18:40:18:40:18:Infinity":3,"s:22:2:22:Infinity":4,"s:23:2:23:Infinity":5,"s:30:2:42:Infinity":6,"f:30:2:30:3":2,"s:31:2:42:Infinity":7,"f:31:2:31:9":3,"s:32:16:34:Infinity":8,"b:36:4:38:Infinity:undefined:undefined:undefined:undefined":4,"s:36:4:38:Infinity":9,"b:36:8:36:49:36:49:36:69":5,"s:37:6:37:Infinity":10,"s:40:4:40:Infinity":11,"s:41:4:41:Infinity":12,"s:44:27:57:Infinity":13}}}
,"D:\\Daigaku\\Semester7\\CSP\\csp-cinema copy\\client\\src\\lib\\supabase.ts": {"path":"D:\\Daigaku\\Semester7\\CSP\\csp-cinema copy\\client\\src\\lib\\supabase.ts","statementMap":{"0":{"start":{"line":70,"column":19},"end":{"line":102,"column":null}},"1":{"start":{"line":72,"column":16},"end":{"line":72,"column":null}},"2":{"start":{"line":73,"column":4},"end":{"line":73,"column":null}},"3":{"start":{"line":73,"column":17},"end":{"line":73,"column":null}},"4":{"start":{"line":74,"column":4},"end":{"line":74,"column":null}},"5":{"start":{"line":77,"column":16},"end":{"line":81,"column":null}},"6":{"start":{"line":82,"column":4},"end":{"line":85,"column":null}},"7":{"start":{"line":83,"column":18},"end":{"line":83,"column":null}},"8":{"start":{"line":84,"column":6},"end":{"line":84,"column":null}},"9":{"start":{"line":86,"column":4},"end":{"line":86,"column":null}},"10":{"start":{"line":89,"column":16},"end":{"line":89,"column":null}},"11":{"start":{"line":90,"column":4},"end":{"line":90,"column":null}},"12":{"start":{"line":90,"column":17},"end":{"line":90,"column":null}},"13":{"start":{"line":91,"column":4},"end":{"line":91,"column":null}},"14":{"start":{"line":94,"column":16},"end":{"line":98,"column":null}},"15":{"start":{"line":99,"column":4},"end":{"line":99,"column":null}},"16":{"start":{"line":99,"column":17},"end":{"line":99,"column":null}},"17":{"start":{"line":100,"column":4},"end":{"line":100,"column":null}},"18":{"start":{"line":105,"column":24},"end":{"line":111,"column":null}},"19":{"start":{"line":106,"column":15},"end":{"line":106,"column":null}},"20":{"start":{"line":106,"column":32},"end":{"line":106,"column":70}},"21":{"start":{"line":106,"column":45},"end":{"line":106,"column":67}},"22":{"start":{"line":108,"column":22},"end":{"line":108,"column":null}},"23":{"start":{"line":109,"column":30},"end":{"line":109,"column":null}}},"fnMap":{"0":{"name":"(anonymous_0)","decl":{"start":{"line":71,"column":7},"end":{"line":71,"column":14}},"loc":{"start":{"line":71,"column":30},"end":{"line":75,"column":null}},"line":71},"1":{"name":"(anonymous_1)","decl":{"start":{"line":76,"column":8},"end":{"line":76,"column":15}},"loc":{"start":{"line":76,"column":42},"end":{"line":87,"column":null}},"line":76},"2":{"name":"(anonymous_2)","decl":{"start":{"line":88,"column":10},"end":{"line":88,"column":17}},"loc":{"start":{"line":88,"column":33},"end":{"line":92,"column":null}},"line":88},"3":{"name":"(anonymous_3)","decl":{"start":{"line":93,"column":9},"end":{"line":93,"column":16}},"loc":{"start":{"line":93,"column":43},"end":{"line":101,"column":null}},"line":93},"4":{"name":"(anonymous_4)","decl":{"start":{"line":106,"column":8},"end":{"line":106,"column":15}},"loc":{"start":{"line":106,"column":15},"end":{"line":106,"column":null}},"line":106},"5":{"name":"(anonymous_5)","decl":{"start":{"line":106,"column":25},"end":{"line":106,"column":32}},"loc":{"start":{"line":106,"column":32},"end":{"line":106,"column":70}},"line":106},"6":{"name":"(anonymous_6)","decl":{"start":{"line":106,"column":38},"end":{"line":106,"column":45}},"loc":{"start":{"line":106,"column":45},"end":{"line":106,"column":67}},"line":106},"7":{"name":"(anonymous_7)","decl":{"start":{"line":106,"column":55},"end":{"line":106,"column":61}},"loc":{"start":{"line":106,"column":61},"end":{"line":106,"column":64}},"line":106},"8":{"name":"(anonymous_8)","decl":{"start":{"line":108,"column":16},"end":{"line":108,"column":22}},"loc":{"start":{"line":108,"column":22},"end":{"line":108,"column":null}},"line":108},"9":{"name":"(anonymous_9)","decl":{"start":{"line":109,"column":23},"end":{"line":109,"column":30}},"loc":{"start":{"line":109,"column":30},"end":{"line":109,"column":null}},"line":109},"10":{"name":"(anonymous_10)","decl":{"start":{"line":109,"column":69},"end":{"line":109,"column":75}},"loc":{"start":{"line":109,"column":75},"end":{"line":109,"column":78}},"line":109}},"branchMap":{"0":{"loc":{"start":{"line":73,"column":4},"end":{"line":73,"column":null}},"type":"if","locations":[{"start":{"line":73,"column":4},"end":{"line":73,"column":null}},{"start":{},"end":{}}],"line":73},"1":{"loc":{"start":{"line":82,"column":4},"end":{"line":85,"column":null}},"type":"if","locations":[{"start":{"line":82,"column":4},"end":{"line":85,"column":null}},{"start":{},"end":{}}],"line":82},"2":{"loc":{"start":{"line":84,"column":22},"end":{"line":84,"column":46}},"type":"binary-expr","locations":[{"start":{"line":84,"column":22},"end":{"line":84,"column":35}},{"start":{"line":84,"column":35},"end":{"line":84,"column":46}}],"line":84},"3":{"loc":{"start":{"line":90,"column":4},"end":{"line":90,"column":null}},"type":"if","locations":[{"start":{"line":90,"column":4},"end":{"line":90,"column":null}},{"start":{},"end":{}}],"line":90},"4":{"loc":{"start":{"line":99,"column":4},"end":{"line":99,"column":null}},"type":"if","locations":[{"start":{"line":99,"column":4},"end":{"line":99,"column":null}},{"start":{},"end":{}}],"line":99}},"s":{"0":1,"1":2,"2":2,"3":1,"4":1,"5":2,"6":2,"7":1,"8":1,"9":1,"10":1,"11":1,"12":0,"13":1,"14":1,"15":1,"16":0,"17":1,"18":1,"19":0,"20":0,"21":0,"22":0,"23":0},"f":{"0":2,"1":2,"2":1,"3":1,"4":0,"5":0,"6":0,"7":0,"8":0,"9":0,"10":0},"b":{"0":[1,1],"1":[1,1],"2":[1,0],"3":[0,1],"4":[0,1]},"meta":{"lastBranch":5,"lastFunction":11,"lastStatement":24,"seen":{"s:70:19:102:Infinity":0,"f:71:7:71:14":0,"s:72:16:72:Infinity":1,"b:73:4:73:Infinity:undefined:undefined:undefined:undefined":0,"s:73:4:73:Infinity":2,"s:73:17:73:Infinity":3,"s:74:4:74:Infinity":4,"f:76:8:76:15":1,"s:77:16:81:Infinity":5,"b:82:4:85:Infinity:undefined:undefined:undefined:undefined":1,"s:82:4:85:Infinity":6,"s:83:18:83:Infinity":7,"s:84:6:84:Infinity":8,"b:84:22:84:35:84:35:84:46":2,"s:86:4:86:Infinity":9,"f:88:10:88:17":2,"s:89:16:89:Infinity":10,"b:90:4:90:Infinity:undefined:undefined:undefined:undefined":3,"s:90:4:90:Infinity":11,"s:90:17:90:Infinity":12,"s:91:4:91:Infinity":13,"f:93:9:93:16":3,"s:94:16:98:Infinity":14,"b:99:4:99:Infinity:undefined:undefined:undefined:undefined":4,"s:99:4:99:Infinity":15,"s:99:17:99:Infinity":16,"s:100:4:100:Infinity":17,"s:105:24:111:Infinity":18,"f:106:8:106:15":4,"s:106:15:106:Infinity":19,"f:106:25:106:32":5,"s:106:32:106:70":20,"f:106:38:106:45":6,"s:106:45:106:67":21,"f:106:55:106:61":7,"f:108:16:108:22":8,"s:108:22:108:Infinity":22,"f:109:23:109:30":9,"s:109:30:109:Infinity":23,"f:109:69:109:75":10}}}
,"D:\\Daigaku\\Semester7\\CSP\\csp-cinema copy\\server\\routes.ts": {"path":"D:\\Daigaku\\Semester7\\CSP\\csp-cinema copy\\server\\routes.ts","statementMap":{"0":{"start":{"line":6,"column":8},"end":{"line":6,"column":null}},"1":{"start":{"line":9,"column":2},"end":{"line":17,"column":null}},"2":{"start":{"line":10,"column":32},"end":{"line":10,"column":null}},"3":{"start":{"line":11,"column":17},"end":{"line":11,"column":null}},"4":{"start":{"line":12,"column":4},"end":{"line":14,"column":null}},"5":{"start":{"line":13,"column":6},"end":{"line":13,"column":null}},"6":{"start":{"line":15,"column":41},"end":{"line":15,"column":null}},"7":{"start":{"line":16,"column":4},"end":{"line":16,"column":null}},"8":{"start":{"line":19,"column":2},"end":{"line":24,"column":null}},"9":{"start":{"line":20,"column":21},"end":{"line":20,"column":null}},"10":{"start":{"line":21,"column":4},"end":{"line":21,"column":null}},"11":{"start":{"line":21,"column":18},"end":{"line":21,"column":null}},"12":{"start":{"line":22,"column":17},"end":{"line":22,"column":null}},"13":{"start":{"line":23,"column":4},"end":{"line":23,"column":null}},"14":{"start":{"line":27,"column":2},"end":{"line":30,"column":null}},"15":{"start":{"line":28,"column":18},"end":{"line":28,"column":null}},"16":{"start":{"line":29,"column":4},"end":{"line":29,"column":null}},"17":{"start":{"line":32,"column":2},"end":{"line":36,"column":null}},"18":{"start":{"line":33,"column":17},"end":{"line":33,"column":null}},"19":{"start":{"line":34,"column":4},"end":{"line":34,"column":null}},"20":{"start":{"line":34,"column":15},"end":{"line":34,"column":null}},"21":{"start":{"line":35,"column":4},"end":{"line":35,"column":null}},"22":{"start":{"line":38,"column":2},"end":{"line":41,"column":null}},"23":{"start":{"line":39,"column":17},"end":{"line":39,"column":null}},"24":{"start":{"line":40,"column":4},"end":{"line":40,"column":null}},"25":{"start":{"line":44,"column":2},"end":{"line":47,"column":null}},"26":{"start":{"line":45,"column":20},"end":{"line":45,"column":null}},"27":{"start":{"line":46,"column":4},"end":{"line":46,"column":null}},"28":{"start":{"line":49,"column":2},"end":{"line":52,"column":null}},"29":{"start":{"line":50,"column":4},"end":{"line":50,"column":null}},"30":{"start":{"line":51,"column":4},"end":{"line":51,"column":null}},"31":{"start":{"line":55,"column":2},"end":{"line":64,"column":null}},"32":{"start":{"line":56,"column":20},"end":{"line":56,"column":null}},"33":{"start":{"line":59,"column":4},"end":{"line":61,"column":null}},"34":{"start":{"line":60,"column":8},"end":{"line":60,"column":null}},"35":{"start":{"line":60,"column":49},"end":{"line":60,"column":80}},"36":{"start":{"line":63,"column":4},"end":{"line":63,"column":null}},"37":{"start":{"line":67,"column":2},"end":{"line":71,"column":null}},"38":{"start":{"line":68,"column":21},"end":{"line":68,"column":null}},"39":{"start":{"line":69,"column":4},"end":{"line":69,"column":null}},"40":{"start":{"line":69,"column":19},"end":{"line":69,"column":null}},"41":{"start":{"line":70,"column":4},"end":{"line":70,"column":null}},"42":{"start":{"line":73,"column":2},"end":{"line":76,"column":null}},"43":{"start":{"line":74,"column":21},"end":{"line":74,"column":null}},"44":{"start":{"line":75,"column":4},"end":{"line":75,"column":null}},"45":{"start":{"line":78,"column":2},"end":{"line":81,"column":null}},"46":{"start":{"line":79,"column":4},"end":{"line":79,"column":null}},"47":{"start":{"line":80,"column":4},"end":{"line":80,"column":null}},"48":{"start":{"line":84,"column":2},"end":{"line":90,"column":null}},"49":{"start":{"line":85,"column":23},"end":{"line":85,"column":null}},"50":{"start":{"line":86,"column":4},"end":{"line":86,"column":null}},"51":{"start":{"line":86,"column":21},"end":{"line":86,"column":null}},"52":{"start":{"line":88,"column":21},"end":{"line":88,"column":null}},"53":{"start":{"line":89,"column":4},"end":{"line":89,"column":null}},"54":{"start":{"line":93,"column":2},"end":{"line":96,"column":null}},"55":{"start":{"line":94,"column":20},"end":{"line":94,"column":null}},"56":{"start":{"line":95,"column":4},"end":{"line":95,"column":null}},"57":{"start":{"line":99,"column":2},"end":{"line":102,"column":null}},"58":{"start":{"line":100,"column":18},"end":{"line":100,"column":null}},"59":{"start":{"line":101,"column":4},"end":{"line":101,"column":null}},"60":{"start":{"line":104,"column":2},"end":{"line":107,"column":null}},"61":{"start":{"line":105,"column":21},"end":{"line":105,"column":null}},"62":{"start":{"line":106,"column":4},"end":{"line":106,"column":null}},"63":{"start":{"line":109,"column":2},"end":{"line":112,"column":null}},"64":{"start":{"line":110,"column":20},"end":{"line":110,"column":null}},"65":{"start":{"line":111,"column":4},"end":{"line":111,"column":null}},"66":{"start":{"line":115,"column":2},"end":{"line":120,"column":null}},"67":{"start":{"line":116,"column":20},"end":{"line":116,"column":null}},"68":{"start":{"line":117,"column":4},"end":{"line":117,"column":null}},"69":{"start":{"line":117,"column":37},"end":{"line":117,"column":null}},"70":{"start":{"line":118,"column":18},"end":{"line":118,"column":null}},"71":{"start":{"line":119,"column":4},"end":{"line":119,"column":null}},"72":{"start":{"line":123,"column":2},"end":{"line":137,"column":null}},"73":{"start":{"line":124,"column":4},"end":{"line":136,"column":null}},"74":{"start":{"line":126,"column":45},"end":{"line":126,"column":null}},"75":{"start":{"line":128,"column":8},"end":{"line":130,"column":null}},"76":{"start":{"line":129,"column":12},"end":{"line":129,"column":null}},"77":{"start":{"line":132,"column":24},"end":{"line":132,"column":null}},"78":{"start":{"line":133,"column":8},"end":{"line":133,"column":null}},"79":{"start":{"line":135,"column":8},"end":{"line":135,"column":null}},"80":{"start":{"line":139,"column":2},"end":{"line":146,"column":null}},"81":{"start":{"line":140,"column":19},"end":{"line":140,"column":null}},"82":{"start":{"line":141,"column":4},"end":{"line":143,"column":null}},"83":{"start":{"line":142,"column":8},"end":{"line":142,"column":null}},"84":{"start":{"line":144,"column":21},"end":{"line":144,"column":null}},"85":{"start":{"line":145,"column":4},"end":{"line":145,"column":null}},"86":{"start":{"line":148,"column":2},"end":{"line":148,"column":null}}},"fnMap":{"0":{"name":"registerRoutes","decl":{"start":{"line":5,"column":22},"end":{"line":5,"column":37}},"loc":{"start":{"line":5,"column":68},"end":{"line":149,"column":null}},"line":5},"1":{"name":"(anonymous_1)","decl":{"start":{"line":9,"column":30},"end":{"line":9,"column":37}},"loc":{"start":{"line":9,"column":50},"end":{"line":17,"column":3}},"line":9},"2":{"name":"(anonymous_2)","decl":{"start":{"line":19,"column":33},"end":{"line":19,"column":40}},"loc":{"start":{"line":19,"column":53},"end":{"line":24,"column":3}},"line":19},"3":{"name":"(anonymous_3)","decl":{"start":{"line":27,"column":24},"end":{"line":27,"column":31}},"loc":{"start":{"line":27,"column":45},"end":{"line":30,"column":3}},"line":27},"4":{"name":"(anonymous_4)","decl":{"start":{"line":32,"column":28},"end":{"line":32,"column":35}},"loc":{"start":{"line":32,"column":48},"end":{"line":36,"column":3}},"line":32},"5":{"name":"(anonymous_5)","decl":{"start":{"line":38,"column":25},"end":{"line":38,"column":32}},"loc":{"start":{"line":38,"column":45},"end":{"line":41,"column":3}},"line":38},"6":{"name":"(anonymous_6)","decl":{"start":{"line":44,"column":30},"end":{"line":44,"column":37}},"loc":{"start":{"line":44,"column":50},"end":{"line":47,"column":3}},"line":44},"7":{"name":"(anonymous_7)","decl":{"start":{"line":49,"column":31},"end":{"line":49,"column":38}},"loc":{"start":{"line":49,"column":51},"end":{"line":52,"column":3}},"line":49},"8":{"name":"(anonymous_8)","decl":{"start":{"line":55,"column":28},"end":{"line":55,"column":35}},"loc":{"start":{"line":55,"column":48},"end":{"line":64,"column":3}},"line":55},"9":{"name":"(anonymous_9)","decl":{"start":{"line":60,"column":37},"end":{"line":60,"column":38}},"loc":{"start":{"line":60,"column":49},"end":{"line":60,"column":80}},"line":60},"10":{"name":"(anonymous_10)","decl":{"start":{"line":67,"column":32},"end":{"line":67,"column":39}},"loc":{"start":{"line":67,"column":52},"end":{"line":71,"column":3}},"line":67},"11":{"name":"(anonymous_11)","decl":{"start":{"line":73,"column":29},"end":{"line":73,"column":36}},"loc":{"start":{"line":73,"column":49},"end":{"line":76,"column":3}},"line":73},"12":{"name":"(anonymous_12)","decl":{"start":{"line":78,"column":35},"end":{"line":78,"column":42}},"loc":{"start":{"line":78,"column":55},"end":{"line":81,"column":3}},"line":78},"13":{"name":"(anonymous_13)","decl":{"start":{"line":84,"column":32},"end":{"line":84,"column":39}},"loc":{"start":{"line":84,"column":52},"end":{"line":90,"column":3}},"line":84},"14":{"name":"(anonymous_14)","decl":{"start":{"line":93,"column":26},"end":{"line":93,"column":33}},"loc":{"start":{"line":93,"column":47},"end":{"line":96,"column":3}},"line":93},"15":{"name":"(anonymous_15)","decl":{"start":{"line":99,"column":30},"end":{"line":99,"column":37}},"loc":{"start":{"line":99,"column":51},"end":{"line":102,"column":3}},"line":99},"16":{"name":"(anonymous_16)","decl":{"start":{"line":104,"column":33},"end":{"line":104,"column":40}},"loc":{"start":{"line":104,"column":54},"end":{"line":107,"column":3}},"line":104},"17":{"name":"(anonymous_17)","decl":{"start":{"line":109,"column":33},"end":{"line":109,"column":40}},"loc":{"start":{"line":109,"column":53},"end":{"line":112,"column":3}},"line":109},"18":{"name":"(anonymous_18)","decl":{"start":{"line":115,"column":31},"end":{"line":115,"column":38}},"loc":{"start":{"line":115,"column":51},"end":{"line":120,"column":3}},"line":115},"19":{"name":"(anonymous_19)","decl":{"start":{"line":123,"column":28},"end":{"line":123,"column":35}},"loc":{"start":{"line":123,"column":48},"end":{"line":137,"column":3}},"line":123},"20":{"name":"(anonymous_20)","decl":{"start":{"line":139,"column":27},"end":{"line":139,"column":34}},"loc":{"start":{"line":139,"column":47},"end":{"line":146,"column":3}},"line":139}},"branchMap":{"0":{"loc":{"start":{"line":12,"column":4},"end":{"line":14,"column":null}},"type":"if","locations":[{"start":{"line":12,"column":4},"end":{"line":14,"column":null}},{"start":{},"end":{}}],"line":12},"1":{"loc":{"start":{"line":12,"column":8},"end":{"line":12,"column":45}},"type":"binary-expr","locations":[{"start":{"line":12,"column":8},"end":{"line":12,"column":17}},{"start":{"line":12,"column":17},"end":{"line":12,"column":45}}],"line":12},"2":{"loc":{"start":{"line":21,"column":4},"end":{"line":21,"column":null}},"type":"if","locations":[{"start":{"line":21,"column":4},"end":{"line":21,"column":null}},{"start":{},"end":{}}],"line":21},"3":{"loc":{"start":{"line":34,"column":4},"end":{"line":34,"column":null}},"type":"if","locations":[{"start":{"line":34,"column":4},"end":{"line":34,"column":null}},{"start":{},"end":{}}],"line":34},"4":{"loc":{"start":{"line":59,"column":4},"end":{"line":61,"column":null}},"type":"if","locations":[{"start":{"line":59,"column":4},"end":{"line":61,"column":null}},{"start":{},"end":{}}],"line":59},"5":{"loc":{"start":{"line":69,"column":4},"end":{"line":69,"column":null}},"type":"if","locations":[{"start":{"line":69,"column":4},"end":{"line":69,"column":null}},{"start":{},"end":{}}],"line":69},"6":{"loc":{"start":{"line":86,"column":4},"end":{"line":86,"column":null}},"type":"if","locations":[{"start":{"line":86,"column":4},"end":{"line":86,"column":null}},{"start":{},"end":{}}],"line":86},"7":{"loc":{"start":{"line":117,"column":4},"end":{"line":117,"column":null}},"type":"if","locations":[{"start":{"line":117,"column":4},"end":{"line":117,"column":null}},{"start":{},"end":{}}],"line":117},"8":{"loc":{"start":{"line":117,"column":8},"end":{"line":117,"column":37}},"type":"binary-expr","locations":[{"start":{"line":117,"column":8},"end":{"line":117,"column":16}},{"start":{"line":117,"column":16},"end":{"line":117,"column":37}}],"line":117},"9":{"loc":{"start":{"line":128,"column":8},"end":{"line":130,"column":null}},"type":"if","locations":[{"start":{"line":128,"column":8},"end":{"line":130,"column":null}},{"start":{},"end":{}}],"line":128},"10":{"loc":{"start":{"line":128,"column":12},"end":{"line":128,"column":48}},"type":"binary-expr","locations":[{"start":{"line":128,"column":12},"end":{"line":128,"column":25}},{"start":{"line":128,"column":25},"end":{"line":128,"column":48}}],"line":128},"11":{"loc":{"start":{"line":135,"column":38},"end":{"line":135,"column":75}},"type":"binary-expr","locations":[{"start":{"line":135,"column":38},"end":{"line":135,"column":51}},{"start":{"line":135,"column":51},"end":{"line":135,"column":75}}],"line":135},"12":{"loc":{"start":{"line":141,"column":4},"end":{"line":143,"column":null}},"type":"if","locations":[{"start":{"line":141,"column":4},"end":{"line":143,"column":null}},{"start":{},"end":{}}],"line":141}},"s":{"0":23,"1":23,"2":2,"3":2,"4":2,"5":1,"6":1,"7":1,"8":23,"9":2,"10":2,"11":1,"12":1,"13":1,"14":23,"15":1,"16":1,"17":23,"18":1,"19":1,"20":1,"21":0,"22":23,"23":1,"24":1,"25":23,"26":1,"27":1,"28":23,"29":1,"30":1,"31":23,"32":1,"33":1,"34":1,"35":2,"36":1,"37":23,"38":2,"39":2,"40":1,"41":1,"42":23,"43":1,"44":1,"45":23,"46":1,"47":1,"48":23,"49":2,"50":2,"51":1,"52":1,"53":1,"54":23,"55":1,"56":1,"57":23,"58":1,"59":1,"60":23,"61":1,"62":1,"63":23,"64":1,"65":1,"66":23,"67":1,"68":1,"69":0,"70":1,"71":1,"72":23,"73":3,"74":3,"75":3,"76":1,"77":2,"78":1,"79":1,"80":23,"81":2,"82":2,"83":1,"84":1,"85":1,"86":23},"f":{"0":23,"1":2,"2":2,"3":1,"4":1,"5":1,"6":1,"7":1,"8":1,"9":2,"10":2,"11":1,"12":1,"13":2,"14":1,"15":1,"16":1,"17":1,"18":1,"19":3,"20":2},"b":{"0":[1,1],"1":[2,1],"2":[1,1],"3":[1,0],"4":[1,0],"5":[1,1],"6":[1,1],"7":[0,1],"8":[1,1],"9":[1,2],"10":[3,2],"11":[1,0],"12":[1,1]},"meta":{"lastBranch":13,"lastFunction":21,"lastStatement":87,"seen":{"f:5:22:5:37":0,"s:6:8:6:Infinity":0,"s:9:2:17:Infinity":1,"f:9:30:9:37":1,"s:10:32:10:Infinity":2,"s:11:17:11:Infinity":3,"b:12:4:14:Infinity:undefined:undefined:undefined:undefined":0,"s:12:4:14:Infinity":4,"b:12:8:12:17:12:17:12:45":1,"s:13:6:13:Infinity":5,"s:15:41:15:Infinity":6,"s:16:4:16:Infinity":7,"s:19:2:24:Infinity":8,"f:19:33:19:40":2,"s:20:21:20:Infinity":9,"b:21:4:21:Infinity:undefined:undefined:undefined:undefined":2,"s:21:4:21:Infinity":10,"s:21:18:21:Infinity":11,"s:22:17:22:Infinity":12,"s:23:4:23:Infinity":13,"s:27:2:30:Infinity":14,"f:27:24:27:31":3,"s:28:18:28:Infinity":15,"s:29:4:29:Infinity":16,"s:32:2:36:Infinity":17,"f:32:28:32:35":4,"s:33:17:33:Infinity":18,"b:34:4:34:Infinity:undefined:undefined:undefined:undefined":3,"s:34:4:34:Infinity":19,"s:34:15:34:Infinity":20,"s:35:4:35:Infinity":21,"s:38:2:41:Infinity":22,"f:38:25:38:32":5,"s:39:17:39:Infinity":23,"s:40:4:40:Infinity":24,"s:44:2:47:Infinity":25,"f:44:30:44:37":6,"s:45:20:45:Infinity":26,"s:46:4:46:Infinity":27,"s:49:2:52:Infinity":28,"f:49:31:49:38":7,"s:50:4:50:Infinity":29,"s:51:4:51:Infinity":30,"s:55:2:64:Infinity":31,"f:55:28:55:35":8,"s:56:20:56:Infinity":32,"b:59:4:61:Infinity:undefined:undefined:undefined:undefined":4,"s:59:4:61:Infinity":33,"s:60:8:60:Infinity":34,"f:60:37:60:38":9,"s:60:49:60:80":35,"s:63:4:63:Infinity":36,"s:67:2:71:Infinity":37,"f:67:32:67:39":10,"s:68:21:68:Infinity":38,"b:69:4:69:Infinity:undefined:undefined:undefined:undefined":5,"s:69:4:69:Infinity":39,"s:69:19:69:Infinity":40,"s:70:4:70:Infinity":41,"s:73:2:76:Infinity":42,"f:73:29:73:36":11,"s:74:21:74:Infinity":43,"s:75:4:75:Infinity":44,"s:78:2:81:Infinity":45,"f:78:35:78:42":12,"s:79:4:79:Infinity":46,"s:80:4:80:Infinity":47,"s:84:2:90:Infinity":48,"f:84:32:84:39":13,"s:85:23:85:Infinity":49,"b:86:4:86:Infinity:undefined:undefined:undefined:undefined":6,"s:86:4:86:Infinity":50,"s:86:21:86:Infinity":51,"s:88:21:88:Infinity":52,"s:89:4:89:Infinity":53,"s:93:2:96:Infinity":54,"f:93:26:93:33":14,"s:94:20:94:Infinity":55,"s:95:4:95:Infinity":56,"s:99:2:102:Infinity":57,"f:99:30:99:37":15,"s:100:18:100:Infinity":58,"s:101:4:101:Infinity":59,"s:104:2:107:Infinity":60,"f:104:33:104:40":16,"s:105:21:105:Infinity":61,"s:106:4:106:Infinity":62,"s:109:2:112:Infinity":63,"f:109:33:109:40":17,"s:110:20:110:Infinity":64,"s:111:4:111:Infinity":65,"s:115:2:120:Infinity":66,"f:115:31:115:38":18,"s:116:20:116:Infinity":67,"b:117:4:117:Infinity:undefined:undefined:undefined:undefined":7,"s:117:4:117:Infinity":68,"b:117:8:117:16:117:16:117:37":8,"s:117:37:117:Infinity":69,"s:118:18:118:Infinity":70,"s:119:4:119:Infinity":71,"s:123:2:137:Infinity":72,"f:123:28:123:35":19,"s:124:4:136:Infinity":73,"s:126:45:126:Infinity":74,"b:128:8:130:Infinity:undefined:undefined:undefined:undefined":9,"s:128:8:130:Infinity":75,"b:128:12:128:25:128:25:128:48":10,"s:129:12:129:Infinity":76,"s:132:24:132:Infinity":77,"s:133:8:133:Infinity":78,"s:135:8:135:Infinity":79,"b:135:38:135:51:135:51:135:75":11,"s:139:2:146:Infinity":80,"f:139:27:139:34":20,"s:140:19:140:Infinity":81,"b:141:4:143:Infinity:undefined:undefined:undefined:undefined":12,"s:141:4:143:Infinity":82,"s:142:8:142:Infinity":83,"s:144:21:144:Infinity":84,"s:145:4:145:Infinity":85,"s:148:2:148:Infinity":86}}}
,"D:\\Daigaku\\Semester7\\CSP\\csp-cinema copy\\server\\storage.ts": {"path":"D:\\Daigaku\\Semester7\\CSP\\csp-cinema copy\\server\\storage.ts","statementMap":{"0":{"start":{"line":5,"column":6},"end":{"line":5,"column":null}},"1":{"start":{"line":6,"column":18},"end":{"line":6,"column":null}},"2":{"start":{"line":7,"column":16},"end":{"line":7,"column":null}},"3":{"start":{"line":11,"column":4},"end":{"line":36,"column":null}},"4":{"start":{"line":12,"column":19},"end":{"line":12,"column":null}},"5":{"start":{"line":13,"column":17},"end":{"line":13,"column":null}},"6":{"start":{"line":16,"column":6},"end":{"line":16,"column":null}},"7":{"start":{"line":16,"column":21},"end":{"line":16,"column":null}},"8":{"start":{"line":17,"column":6},"end":{"line":17,"column":null}},"9":{"start":{"line":17,"column":21},"end":{"line":17,"column":null}},"10":{"start":{"line":18,"column":6},"end":{"line":18,"column":null}},"11":{"start":{"line":18,"column":23},"end":{"line":18,"column":null}},"12":{"start":{"line":19,"column":6},"end":{"line":19,"column":null}},"13":{"start":{"line":19,"column":25},"end":{"line":19,"column":null}},"14":{"start":{"line":20,"column":6},"end":{"line":20,"column":null}},"15":{"start":{"line":20,"column":24},"end":{"line":20,"column":null}},"16":{"start":{"line":21,"column":6},"end":{"line":21,"column":null}},"17":{"start":{"line":21,"column":29},"end":{"line":21,"column":null}},"18":{"start":{"line":22,"column":6},"end":{"line":22,"column":null}},"19":{"start":{"line":22,"column":29},"end":{"line":22,"column":null}},"20":{"start":{"line":24,"column":6},"end":{"line":24,"column":null}},"21":{"start":{"line":27,"column":6},"end":{"line":35,"column":null}},"22":{"start":{"line":40,"column":4},"end":{"line":40,"column":null}},"23":{"start":{"line":45,"column":15},"end":{"line":45,"column":null}},"24":{"start":{"line":46,"column":4},"end":{"line":46,"column":null}},"25":{"start":{"line":46,"column":37},"end":{"line":46,"column":54}},"26":{"start":{"line":50,"column":15},"end":{"line":50,"column":null}},"27":{"start":{"line":51,"column":20},"end":{"line":51,"column":null}},"28":{"start":{"line":52,"column":4},"end":{"line":52,"column":null}},"29":{"start":{"line":53,"column":4},"end":{"line":53,"column":null}},"30":{"start":{"line":54,"column":4},"end":{"line":54,"column":null}},"31":{"start":{"line":59,"column":15},"end":{"line":59,"column":null}},"32":{"start":{"line":60,"column":4},"end":{"line":60,"column":null}},"33":{"start":{"line":64,"column":15},"end":{"line":64,"column":null}},"34":{"start":{"line":65,"column":4},"end":{"line":65,"column":null}},"35":{"start":{"line":65,"column":37},"end":{"line":65,"column":48}},"36":{"start":{"line":69,"column":15},"end":{"line":69,"column":null}},"37":{"start":{"line":70,"column":20},"end":{"line":70,"column":null}},"38":{"start":{"line":71,"column":4},"end":{"line":71,"column":null}},"39":{"start":{"line":72,"column":4},"end":{"line":72,"column":null}},"40":{"start":{"line":73,"column":4},"end":{"line":73,"column":null}},"41":{"start":{"line":77,"column":15},"end":{"line":77,"column":null}},"42":{"start":{"line":78,"column":18},"end":{"line":78,"column":null}},"43":{"start":{"line":78,"column":49},"end":{"line":78,"column":60}},"44":{"start":{"line":79,"column":4},"end":{"line":83,"column":null}},"45":{"start":{"line":80,"column":6},"end":{"line":80,"column":null}},"46":{"start":{"line":81,"column":6},"end":{"line":81,"column":null}},"47":{"start":{"line":82,"column":6},"end":{"line":82,"column":null}},"48":{"start":{"line":84,"column":4},"end":{"line":84,"column":null}},"49":{"start":{"line":88,"column":15},"end":{"line":88,"column":null}},"50":{"start":{"line":89,"column":4},"end":{"line":89,"column":null}},"51":{"start":{"line":89,"column":43},"end":{"line":89,"column":54}},"52":{"start":{"line":90,"column":4},"end":{"line":90,"column":null}},"53":{"start":{"line":95,"column":15},"end":{"line":95,"column":null}},"54":{"start":{"line":96,"column":4},"end":{"line":100,"column":null}},"55":{"start":{"line":96,"column":41},"end":{"line":100,"column":6}},"56":{"start":{"line":98,"column":38},"end":{"line":98,"column":56}},"57":{"start":{"line":99,"column":43},"end":{"line":99,"column":64}},"58":{"start":{"line":104,"column":15},"end":{"line":104,"column":null}},"59":{"start":{"line":105,"column":21},"end":{"line":105,"column":null}},"60":{"start":{"line":105,"column":51},"end":{"line":105,"column":62}},"61":{"start":{"line":106,"column":4},"end":{"line":106,"column":null}},"62":{"start":{"line":106,"column":19},"end":{"line":106,"column":null}},"63":{"start":{"line":108,"column":4},"end":{"line":112,"column":null}},"64":{"start":{"line":110,"column":38},"end":{"line":110,"column":63}},"65":{"start":{"line":111,"column":43},"end":{"line":111,"column":71}},"66":{"start":{"line":116,"column":15},"end":{"line":116,"column":null}},"67":{"start":{"line":117,"column":24},"end":{"line":117,"column":null}},"68":{"start":{"line":118,"column":4},"end":{"line":118,"column":null}},"69":{"start":{"line":119,"column":4},"end":{"line":119,"column":null}},"70":{"start":{"line":120,"column":4},"end":{"line":120,"column":null}},"71":{"start":{"line":124,"column":15},"end":{"line":124,"column":null}},"72":{"start":{"line":125,"column":4},"end":{"line":125,"column":null}},"73":{"start":{"line":125,"column":51},"end":{"line":125,"column":62}},"74":{"start":{"line":126,"column":4},"end":{"line":126,"column":null}},"75":{"start":{"line":131,"column":15},"end":{"line":131,"column":null}},"76":{"start":{"line":132,"column":21},"end":{"line":132,"column":null}},"77":{"start":{"line":132,"column":57},"end":{"line":132,"column":85}},"78":{"start":{"line":134,"column":21},"end":{"line":134,"column":null}},"79":{"start":{"line":134,"column":51},"end":{"line":134,"column":70}},"80":{"start":{"line":135,"column":4},"end":{"line":135,"column":null}},"81":{"start":{"line":135,"column":19},"end":{"line":135,"column":null}},"82":{"start":{"line":137,"column":19},"end":{"line":137,"column":null}},"83":{"start":{"line":137,"column":47},"end":{"line":137,"column":74}},"84":{"start":{"line":138,"column":18},"end":{"line":138,"column":null}},"85":{"start":{"line":139,"column":4},"end":{"line":158,"column":null}},"86":{"start":{"line":140,"column":21},"end":{"line":140,"column":null}},"87":{"start":{"line":141,"column":8},"end":{"line":157,"column":null}},"88":{"start":{"line":141,"column":21},"end":{"line":141,"column":24}},"89":{"start":{"line":142,"column":30},"end":{"line":142,"column":null}},"90":{"start":{"line":143,"column":12},"end":{"line":156,"column":null}},"91":{"start":{"line":143,"column":25},"end":{"line":143,"column":28}},"92":{"start":{"line":144,"column":16},"end":{"line":144,"column":null}},"93":{"start":{"line":144,"column":52},"end":{"line":144,"column":null}},"94":{"start":{"line":145,"column":32},"end":{"line":145,"column":null}},"95":{"start":{"line":146,"column":31},"end":{"line":146,"column":null}},"96":{"start":{"line":148,"column":34},"end":{"line":148,"column":null}},"97":{"start":{"line":148,"column":60},"end":{"line":148,"column":80}},"98":{"start":{"line":150,"column":16},"end":{"line":155,"column":null}},"99":{"start":{"line":159,"column":4},"end":{"line":159,"column":null}},"100":{"start":{"line":164,"column":15},"end":{"line":164,"column":null}},"101":{"start":{"line":165,"column":4},"end":{"line":165,"column":null}},"102":{"start":{"line":170,"column":15},"end":{"line":170,"column":null}},"103":{"start":{"line":171,"column":4},"end":{"line":190,"column":null}},"104":{"start":{"line":172,"column":25},"end":{"line":172,"column":null}},"105":{"start":{"line":172,"column":55},"end":{"line":172,"column":77}},"106":{"start":{"line":173,"column":21},"end":{"line":173,"column":null}},"107":{"start":{"line":173,"column":58},"end":{"line":173,"column":83}},"108":{"start":{"line":175,"column":8},"end":{"line":189,"column":null}},"109":{"start":{"line":179,"column":35},"end":{"line":179,"column":57}},"110":{"start":{"line":182,"column":31},"end":{"line":182,"column":null}},"111":{"start":{"line":183,"column":33},"end":{"line":183,"column":null}},"112":{"start":{"line":184,"column":17},"end":{"line":187,"column":null}},"113":{"start":{"line":194,"column":15},"end":{"line":194,"column":null}},"114":{"start":{"line":196,"column":25},"end":{"line":196,"column":null}},"115":{"start":{"line":196,"column":56},"end":{"line":196,"column":76}},"116":{"start":{"line":198,"column":4},"end":{"line":216,"column":null}},"117":{"start":{"line":199,"column":25},"end":{"line":199,"column":null}},"118":{"start":{"line":199,"column":55},"end":{"line":199,"column":77}},"119":{"start":{"line":200,"column":21},"end":{"line":200,"column":null}},"120":{"start":{"line":200,"column":58},"end":{"line":200,"column":83}},"121":{"start":{"line":202,"column":8},"end":{"line":215,"column":null}},"122":{"start":{"line":206,"column":35},"end":{"line":206,"column":57}},"123":{"start":{"line":208,"column":31},"end":{"line":208,"column":null}},"124":{"start":{"line":209,"column":33},"end":{"line":209,"column":null}},"125":{"start":{"line":210,"column":17},"end":{"line":213,"column":null}},"126":{"start":{"line":220,"column":15},"end":{"line":220,"column":null}},"127":{"start":{"line":221,"column":20},"end":{"line":221,"column":null}},"128":{"start":{"line":221,"column":49},"end":{"line":221,"column":60}},"129":{"start":{"line":222,"column":4},"end":{"line":255,"column":null}},"130":{"start":{"line":223,"column":6},"end":{"line":223,"column":null}},"131":{"start":{"line":226,"column":6},"end":{"line":238,"column":null}},"132":{"start":{"line":228,"column":30},"end":{"line":228,"column":null}},"133":{"start":{"line":228,"column":67},"end":{"line":228,"column":87}},"134":{"start":{"line":229,"column":9},"end":{"line":237,"column":null}},"135":{"start":{"line":231,"column":33},"end":{"line":233,"column":null}},"136":{"start":{"line":232,"column":29},"end":{"line":232,"column":null}},"137":{"start":{"line":234,"column":13},"end":{"line":236,"column":null}},"138":{"start":{"line":235,"column":17},"end":{"line":235,"column":null}},"139":{"start":{"line":241,"column":6},"end":{"line":251,"column":null}},"140":{"start":{"line":242,"column":30},"end":{"line":242,"column":null}},"141":{"start":{"line":242,"column":67},"end":{"line":242,"column":87}},"142":{"start":{"line":243,"column":9},"end":{"line":250,"column":null}},"143":{"start":{"line":244,"column":33},"end":{"line":246,"column":null}},"144":{"start":{"line":245,"column":29},"end":{"line":245,"column":null}},"145":{"start":{"line":247,"column":13},"end":{"line":249,"column":null}},"146":{"start":{"line":248,"column":17},"end":{"line":248,"column":null}},"147":{"start":{"line":253,"column":6},"end":{"line":253,"column":null}},"148":{"start":{"line":254,"column":6},"end":{"line":254,"column":null}},"149":{"start":{"line":256,"column":4},"end":{"line":256,"column":null}},"150":{"start":{"line":260,"column":15},"end":{"line":260,"column":null}},"151":{"start":{"line":261,"column":4},"end":{"line":270,"column":null}},"152":{"start":{"line":262,"column":21},"end":{"line":262,"column":null}},"153":{"start":{"line":263,"column":23},"end":{"line":263,"column":null}},"154":{"start":{"line":264,"column":24},"end":{"line":264,"column":null}},"155":{"start":{"line":265,"column":7},"end":{"line":269,"column":null}},"156":{"start":{"line":274,"column":15},"end":{"line":274,"column":null}},"157":{"start":{"line":277,"column":23},"end":{"line":281,"column":null}},"158":{"start":{"line":282,"column":4},"end":{"line":282,"column":null}},"159":{"start":{"line":285,"column":4},"end":{"line":308,"column":null}},"160":{"start":{"line":287,"column":8},"end":{"line":291,"column":null}},"161":{"start":{"line":294,"column":36},"end":{"line":296,"column":null}},"162":{"start":{"line":295,"column":24},"end":{"line":295,"column":null}},"163":{"start":{"line":298,"column":8},"end":{"line":307,"column":null}},"164":{"start":{"line":299,"column":12},"end":{"line":299,"column":null}},"165":{"start":{"line":301,"column":12},"end":{"line":306,"column":null}},"166":{"start":{"line":310,"column":4},"end":{"line":310,"column":null}},"167":{"start":{"line":311,"column":4},"end":{"line":311,"column":null}},"168":{"start":{"line":315,"column":15},"end":{"line":315,"column":null}},"169":{"start":{"line":316,"column":4},"end":{"line":320,"column":null}},"170":{"start":{"line":319,"column":54},"end":{"line":319,"column":76}},"171":{"start":{"line":324,"column":15},"end":{"line":324,"column":null}},"172":{"start":{"line":327,"column":4},"end":{"line":351,"column":null}},"173":{"start":{"line":328,"column":8},"end":{"line":328,"column":null}},"174":{"start":{"line":329,"column":8},"end":{"line":329,"column":null}},"175":{"start":{"line":331,"column":8},"end":{"line":348,"column":null}},"176":{"start":{"line":332,"column":25},"end":{"line":332,"column":null}},"177":{"start":{"line":333,"column":12},"end":{"line":347,"column":null}},"178":{"start":{"line":333,"column":25},"end":{"line":333,"column":28}},"179":{"start":{"line":334,"column":34},"end":{"line":334,"column":null}},"180":{"start":{"line":335,"column":16},"end":{"line":346,"column":null}},"181":{"start":{"line":335,"column":29},"end":{"line":335,"column":32}},"182":{"start":{"line":336,"column":20},"end":{"line":336,"column":null}},"183":{"start":{"line":336,"column":56},"end":{"line":336,"column":null}},"184":{"start":{"line":338,"column":39},"end":{"line":338,"column":null}},"185":{"start":{"line":340,"column":36},"end":{"line":344,"column":null}},"186":{"start":{"line":345,"column":20},"end":{"line":345,"column":null}},"187":{"start":{"line":349,"column":8},"end":{"line":349,"column":null}},"188":{"start":{"line":350,"column":8},"end":{"line":350,"column":null}},"189":{"start":{"line":355,"column":23},"end":{"line":355,"column":null}}},"fnMap":{"0":{"name":"(anonymous_0)","decl":{"start":{"line":10,"column":16},"end":{"line":10,"column":25}},"loc":{"start":{"line":10,"column":25},"end":{"line":37,"column":null}},"line":10},"1":{"name":"(anonymous_1)","decl":{"start":{"line":39,"column":16},"end":{"line":39,"column":24}},"loc":{"start":{"line":39,"column":35},"end":{"line":41,"column":null}},"line":39},"2":{"name":"(anonymous_2)","decl":{"start":{"line":44,"column":8},"end":{"line":44,"column":23}},"loc":{"start":{"line":44,"column":38},"end":{"line":47,"column":null}},"line":44},"3":{"name":"(anonymous_3)","decl":{"start":{"line":46,"column":25},"end":{"line":46,"column":26}},"loc":{"start":{"line":46,"column":37},"end":{"line":46,"column":54}},"line":46},"4":{"name":"(anonymous_4)","decl":{"start":{"line":49,"column":8},"end":{"line":49,"column":19}},"loc":{"start":{"line":49,"column":30},"end":{"line":55,"column":null}},"line":49},"5":{"name":"(anonymous_5)","decl":{"start":{"line":58,"column":8},"end":{"line":58,"column":19}},"loc":{"start":{"line":58,"column":19},"end":{"line":61,"column":null}},"line":58},"6":{"name":"(anonymous_6)","decl":{"start":{"line":63,"column":8},"end":{"line":63,"column":16}},"loc":{"start":{"line":63,"column":28},"end":{"line":66,"column":null}},"line":63},"7":{"name":"(anonymous_7)","decl":{"start":{"line":65,"column":25},"end":{"line":65,"column":26}},"loc":{"start":{"line":65,"column":37},"end":{"line":65,"column":48}},"line":65},"8":{"name":"(anonymous_8)","decl":{"start":{"line":68,"column":8},"end":{"line":68,"column":19}},"loc":{"start":{"line":68,"column":30},"end":{"line":74,"column":null}},"line":68},"9":{"name":"(anonymous_9)","decl":{"start":{"line":76,"column":8},"end":{"line":76,"column":19}},"loc":{"start":{"line":76,"column":45},"end":{"line":85,"column":null}},"line":76},"10":{"name":"(anonymous_10)","decl":{"start":{"line":78,"column":37},"end":{"line":78,"column":38}},"loc":{"start":{"line":78,"column":49},"end":{"line":78,"column":60}},"line":78},"11":{"name":"(anonymous_11)","decl":{"start":{"line":87,"column":8},"end":{"line":87,"column":19}},"loc":{"start":{"line":87,"column":31},"end":{"line":91,"column":null}},"line":87},"12":{"name":"(anonymous_12)","decl":{"start":{"line":89,"column":31},"end":{"line":89,"column":32}},"loc":{"start":{"line":89,"column":43},"end":{"line":89,"column":54}},"line":89},"13":{"name":"(anonymous_13)","decl":{"start":{"line":94,"column":8},"end":{"line":94,"column":23}},"loc":{"start":{"line":94,"column":23},"end":{"line":101,"column":null}},"line":94},"14":{"name":"(anonymous_14)","decl":{"start":{"line":96,"column":28},"end":{"line":96,"column":29}},"loc":{"start":{"line":96,"column":41},"end":{"line":100,"column":6}},"line":96},"15":{"name":"(anonymous_15)","decl":{"start":{"line":98,"column":26},"end":{"line":98,"column":27}},"loc":{"start":{"line":98,"column":38},"end":{"line":98,"column":56}},"line":98},"16":{"name":"(anonymous_16)","decl":{"start":{"line":99,"column":30},"end":{"line":99,"column":31}},"loc":{"start":{"line":99,"column":43},"end":{"line":99,"column":64}},"line":99},"17":{"name":"(anonymous_17)","decl":{"start":{"line":103,"column":8},"end":{"line":103,"column":20}},"loc":{"start":{"line":103,"column":32},"end":{"line":113,"column":null}},"line":103},"18":{"name":"(anonymous_18)","decl":{"start":{"line":105,"column":39},"end":{"line":105,"column":40}},"loc":{"start":{"line":105,"column":51},"end":{"line":105,"column":62}},"line":105},"19":{"name":"(anonymous_19)","decl":{"start":{"line":110,"column":26},"end":{"line":110,"column":27}},"loc":{"start":{"line":110,"column":38},"end":{"line":110,"column":63}},"line":110},"20":{"name":"(anonymous_20)","decl":{"start":{"line":111,"column":30},"end":{"line":111,"column":31}},"loc":{"start":{"line":111,"column":43},"end":{"line":111,"column":71}},"line":111},"21":{"name":"(anonymous_21)","decl":{"start":{"line":115,"column":8},"end":{"line":115,"column":23}},"loc":{"start":{"line":115,"column":38},"end":{"line":121,"column":null}},"line":115},"22":{"name":"(anonymous_22)","decl":{"start":{"line":123,"column":8},"end":{"line":123,"column":23}},"loc":{"start":{"line":123,"column":35},"end":{"line":127,"column":null}},"line":123},"23":{"name":"(anonymous_23)","decl":{"start":{"line":125,"column":39},"end":{"line":125,"column":40}},"loc":{"start":{"line":125,"column":51},"end":{"line":125,"column":62}},"line":125},"24":{"name":"(anonymous_24)","decl":{"start":{"line":130,"column":8},"end":{"line":130,"column":24}},"loc":{"start":{"line":130,"column":44},"end":{"line":160,"column":null}},"line":130},"25":{"name":"(anonymous_25)","decl":{"start":{"line":132,"column":45},"end":{"line":132,"column":46}},"loc":{"start":{"line":132,"column":57},"end":{"line":132,"column":85}},"line":132},"26":{"name":"(anonymous_26)","decl":{"start":{"line":134,"column":39},"end":{"line":134,"column":40}},"loc":{"start":{"line":134,"column":51},"end":{"line":134,"column":70}},"line":134},"27":{"name":"(anonymous_27)","decl":{"start":{"line":137,"column":35},"end":{"line":137,"column":36}},"loc":{"start":{"line":137,"column":47},"end":{"line":137,"column":74}},"line":137},"28":{"name":"(anonymous_28)","decl":{"start":{"line":148,"column":48},"end":{"line":148,"column":49}},"loc":{"start":{"line":148,"column":60},"end":{"line":148,"column":80}},"line":148},"29":{"name":"(anonymous_29)","decl":{"start":{"line":163,"column":8},"end":{"line":163,"column":21}},"loc":{"start":{"line":163,"column":21},"end":{"line":166,"column":null}},"line":163},"30":{"name":"(anonymous_30)","decl":{"start":{"line":169,"column":8},"end":{"line":169,"column":25}},"loc":{"start":{"line":169,"column":25},"end":{"line":191,"column":null}},"line":169},"31":{"name":"(anonymous_31)","decl":{"start":{"line":171,"column":27},"end":{"line":171,"column":28}},"loc":{"start":{"line":171,"column":39},"end":{"line":190,"column":5}},"line":171},"32":{"name":"(anonymous_32)","decl":{"start":{"line":172,"column":43},"end":{"line":172,"column":44}},"loc":{"start":{"line":172,"column":55},"end":{"line":172,"column":77}},"line":172},"33":{"name":"(anonymous_33)","decl":{"start":{"line":173,"column":46},"end":{"line":173,"column":47}},"loc":{"start":{"line":173,"column":58},"end":{"line":173,"column":83}},"line":173},"34":{"name":"(anonymous_34)","decl":{"start":{"line":179,"column":22},"end":{"line":179,"column":23}},"loc":{"start":{"line":179,"column":35},"end":{"line":179,"column":57}},"line":179},"35":{"name":"(anonymous_35)","decl":{"start":{"line":180,"column":19},"end":{"line":180,"column":20}},"loc":{"start":{"line":180,"column":32},"end":{"line":188,"column":15}},"line":180},"36":{"name":"(anonymous_36)","decl":{"start":{"line":193,"column":8},"end":{"line":193,"column":24}},"loc":{"start":{"line":193,"column":40},"end":{"line":217,"column":null}},"line":193},"37":{"name":"(anonymous_37)","decl":{"start":{"line":196,"column":44},"end":{"line":196,"column":45}},"loc":{"start":{"line":196,"column":56},"end":{"line":196,"column":76}},"line":196},"38":{"name":"(anonymous_38)","decl":{"start":{"line":198,"column":28},"end":{"line":198,"column":29}},"loc":{"start":{"line":198,"column":40},"end":{"line":216,"column":5}},"line":198},"39":{"name":"(anonymous_39)","decl":{"start":{"line":199,"column":43},"end":{"line":199,"column":44}},"loc":{"start":{"line":199,"column":55},"end":{"line":199,"column":77}},"line":199},"40":{"name":"(anonymous_40)","decl":{"start":{"line":200,"column":46},"end":{"line":200,"column":47}},"loc":{"start":{"line":200,"column":58},"end":{"line":200,"column":83}},"line":200},"41":{"name":"(anonymous_41)","decl":{"start":{"line":206,"column":22},"end":{"line":206,"column":23}},"loc":{"start":{"line":206,"column":35},"end":{"line":206,"column":57}},"line":206},"42":{"name":"(anonymous_42)","decl":{"start":{"line":207,"column":19},"end":{"line":207,"column":20}},"loc":{"start":{"line":207,"column":32},"end":{"line":214,"column":15}},"line":207},"43":{"name":"(anonymous_43)","decl":{"start":{"line":219,"column":8},"end":{"line":219,"column":28}},"loc":{"start":{"line":219,"column":56},"end":{"line":257,"column":null}},"line":219},"44":{"name":"(anonymous_44)","decl":{"start":{"line":221,"column":37},"end":{"line":221,"column":38}},"loc":{"start":{"line":221,"column":49},"end":{"line":221,"column":60}},"line":221},"45":{"name":"(anonymous_45)","decl":{"start":{"line":228,"column":54},"end":{"line":228,"column":55}},"loc":{"start":{"line":228,"column":67},"end":{"line":228,"column":87}},"line":228},"46":{"name":"(anonymous_46)","decl":{"start":{"line":229,"column":30},"end":{"line":229,"column":31}},"loc":{"start":{"line":229,"column":43},"end":{"line":237,"column":10}},"line":229},"47":{"name":"(anonymous_47)","decl":{"start":{"line":232,"column":17},"end":{"line":232,"column":18}},"loc":{"start":{"line":232,"column":29},"end":{"line":232,"column":null}},"line":232},"48":{"name":"(anonymous_48)","decl":{"start":{"line":242,"column":54},"end":{"line":242,"column":55}},"loc":{"start":{"line":242,"column":67},"end":{"line":242,"column":87}},"line":242},"49":{"name":"(anonymous_49)","decl":{"start":{"line":243,"column":30},"end":{"line":243,"column":31}},"loc":{"start":{"line":243,"column":43},"end":{"line":250,"column":10}},"line":243},"50":{"name":"(anonymous_50)","decl":{"start":{"line":245,"column":17},"end":{"line":245,"column":18}},"loc":{"start":{"line":245,"column":29},"end":{"line":245,"column":null}},"line":245},"51":{"name":"(anonymous_51)","decl":{"start":{"line":259,"column":8},"end":{"line":259,"column":22}},"loc":{"start":{"line":259,"column":41},"end":{"line":271,"column":null}},"line":259},"52":{"name":"(anonymous_52)","decl":{"start":{"line":261,"column":23},"end":{"line":261,"column":29}},"loc":{"start":{"line":261,"column":29},"end":{"line":270,"column":5}},"line":261},"53":{"name":"(anonymous_53)","decl":{"start":{"line":273,"column":8},"end":{"line":273,"column":33}},"loc":{"start":{"line":273,"column":70},"end":{"line":312,"column":null}},"line":273},"54":{"name":"(anonymous_54)","decl":{"start":{"line":285,"column":20},"end":{"line":285,"column":30}},"loc":{"start":{"line":285,"column":30},"end":{"line":308,"column":5}},"line":285},"55":{"name":"(anonymous_55)","decl":{"start":{"line":295,"column":12},"end":{"line":295,"column":13}},"loc":{"start":{"line":295,"column":24},"end":{"line":295,"column":null}},"line":295},"56":{"name":"(anonymous_56)","decl":{"start":{"line":314,"column":8},"end":{"line":314,"column":19}},"loc":{"start":{"line":314,"column":19},"end":{"line":321,"column":null}},"line":314},"57":{"name":"(anonymous_57)","decl":{"start":{"line":319,"column":42},"end":{"line":319,"column":43}},"loc":{"start":{"line":319,"column":54},"end":{"line":319,"column":76}},"line":319},"58":{"name":"(anonymous_58)","decl":{"start":{"line":323,"column":8},"end":{"line":323,"column":26}},"loc":{"start":{"line":323,"column":26},"end":{"line":352,"column":null}},"line":323},"59":{"name":"(anonymous_59)","decl":{"start":{"line":331,"column":27},"end":{"line":331,"column":28}},"loc":{"start":{"line":331,"column":44},"end":{"line":348,"column":9}},"line":331}},"branchMap":{"0":{"loc":{"start":{"line":16,"column":6},"end":{"line":16,"column":null}},"type":"if","locations":[{"start":{"line":16,"column":6},"end":{"line":16,"column":null}},{"start":{},"end":{}}],"line":16},"1":{"loc":{"start":{"line":17,"column":6},"end":{"line":17,"column":null}},"type":"if","locations":[{"start":{"line":17,"column":6},"end":{"line":17,"column":null}},{"start":{},"end":{}}],"line":17},"2":{"loc":{"start":{"line":18,"column":6},"end":{"line":18,"column":null}},"type":"if","locations":[{"start":{"line":18,"column":6},"end":{"line":18,"column":null}},{"start":{},"end":{}}],"line":18},"3":{"loc":{"start":{"line":19,"column":6},"end":{"line":19,"column":null}},"type":"if","locations":[{"start":{"line":19,"column":6},"end":{"line":19,"column":null}},{"start":{},"end":{}}],"line":19},"4":{"loc":{"start":{"line":20,"column":6},"end":{"line":20,"column":null}},"type":"if","locations":[{"start":{"line":20,"column":6},"end":{"line":20,"column":null}},{"start":{},"end":{}}],"line":20},"5":{"loc":{"start":{"line":21,"column":6},"end":{"line":21,"column":null}},"type":"if","locations":[{"start":{"line":21,"column":6},"end":{"line":21,"column":null}},{"start":{},"end":{}}],"line":21},"6":{"loc":{"start":{"line":22,"column":6},"end":{"line":22,"column":null}},"type":"if","locations":[{"start":{"line":22,"column":6},"end":{"line":22,"column":null}},{"start":{},"end":{}}],"line":22},"7":{"loc":{"start":{"line":79,"column":4},"end":{"line":83,"column":null}},"type":"if","locations":[{"start":{"line":79,"column":4},"end":{"line":83,"column":null}},{"start":{},"end":{}}],"line":79},"8":{"loc":{"start":{"line":106,"column":4},"end":{"line":106,"column":null}},"type":"if","locations":[{"start":{"line":106,"column":4},"end":{"line":106,"column":null}},{"start":{},"end":{}}],"line":106},"9":{"loc":{"start":{"line":135,"column":4},"end":{"line":135,"column":null}},"type":"if","locations":[{"start":{"line":135,"column":4},"end":{"line":135,"column":null}},{"start":{},"end":{}}],"line":135},"10":{"loc":{"start":{"line":139,"column":4},"end":{"line":158,"column":null}},"type":"if","locations":[{"start":{"line":139,"column":4},"end":{"line":158,"column":null}},{"start":{},"end":{}}],"line":139},"11":{"loc":{"start":{"line":144,"column":16},"end":{"line":144,"column":null}},"type":"if","locations":[{"start":{"line":144,"column":16},"end":{"line":144,"column":null}},{"start":{},"end":{}}],"line":144},"12":{"loc":{"start":{"line":153,"column":28},"end":{"line":153,"column":null}},"type":"cond-expr","locations":[{"start":{"line":153,"column":40},"end":{"line":153,"column":59}},{"start":{"line":153,"column":59},"end":{"line":153,"column":null}}],"line":153},"13":{"loc":{"start":{"line":173,"column":21},"end":{"line":173,"column":null}},"type":"cond-expr","locations":[{"start":{"line":173,"column":32},"end":{"line":173,"column":87}},{"start":{"line":173,"column":87},"end":{"line":173,"column":null}}],"line":173},"14":{"loc":{"start":{"line":177,"column":22},"end":{"line":177,"column":null}},"type":"cond-expr","locations":[{"start":{"line":177,"column":33},"end":{"line":177,"column":57}},{"start":{"line":177,"column":57},"end":{"line":177,"column":null}}],"line":177},"15":{"loc":{"start":{"line":183,"column":33},"end":{"line":183,"column":null}},"type":"cond-expr","locations":[{"start":{"line":183,"column":52},"end":{"line":183,"column":63}},{"start":{"line":183,"column":63},"end":{"line":183,"column":null}}],"line":183},"16":{"loc":{"start":{"line":200,"column":21},"end":{"line":200,"column":null}},"type":"cond-expr","locations":[{"start":{"line":200,"column":32},"end":{"line":200,"column":87}},{"start":{"line":200,"column":87},"end":{"line":200,"column":null}}],"line":200},"17":{"loc":{"start":{"line":204,"column":22},"end":{"line":204,"column":null}},"type":"cond-expr","locations":[{"start":{"line":204,"column":33},"end":{"line":204,"column":57}},{"start":{"line":204,"column":57},"end":{"line":204,"column":null}}],"line":204},"18":{"loc":{"start":{"line":209,"column":33},"end":{"line":209,"column":null}},"type":"cond-expr","locations":[{"start":{"line":209,"column":52},"end":{"line":209,"column":63}},{"start":{"line":209,"column":63},"end":{"line":209,"column":null}}],"line":209},"19":{"loc":{"start":{"line":222,"column":4},"end":{"line":255,"column":null}},"type":"if","locations":[{"start":{"line":222,"column":4},"end":{"line":255,"column":null}},{"start":{},"end":{}}],"line":222},"20":{"loc":{"start":{"line":226,"column":6},"end":{"line":238,"column":null}},"type":"if","locations":[{"start":{"line":226,"column":6},"end":{"line":238,"column":null}},{"start":{},"end":{}}],"line":226},"21":{"loc":{"start":{"line":226,"column":10},"end":{"line":226,"column":57}},"type":"binary-expr","locations":[{"start":{"line":226,"column":10},"end":{"line":226,"column":35}},{"start":{"line":226,"column":35},"end":{"line":226,"column":57}}],"line":226},"22":{"loc":{"start":{"line":232,"column":29},"end":{"line":232,"column":null}},"type":"binary-expr","locations":[{"start":{"line":232,"column":29},"end":{"line":232,"column":57}},{"start":{"line":232,"column":57},"end":{"line":232,"column":null}}],"line":232},"23":{"loc":{"start":{"line":234,"column":13},"end":{"line":236,"column":null}},"type":"if","locations":[{"start":{"line":234,"column":13},"end":{"line":236,"column":null}},{"start":{},"end":{}}],"line":234},"24":{"loc":{"start":{"line":241,"column":6},"end":{"line":251,"column":null}},"type":"if","locations":[{"start":{"line":241,"column":6},"end":{"line":251,"column":null}},{"start":{},"end":{}}],"line":241},"25":{"loc":{"start":{"line":245,"column":29},"end":{"line":245,"column":null}},"type":"binary-expr","locations":[{"start":{"line":245,"column":29},"end":{"line":245,"column":57}},{"start":{"line":245,"column":57},"end":{"line":245,"column":null}}],"line":245},"26":{"loc":{"start":{"line":247,"column":13},"end":{"line":249,"column":null}},"type":"if","locations":[{"start":{"line":247,"column":13},"end":{"line":249,"column":null}},{"start":{},"end":{}}],"line":247},"27":{"loc":{"start":{"line":263,"column":23},"end":{"line":263,"column":null}},"type":"cond-expr","locations":[{"start":{"line":263,"column":42},"end":{"line":263,"column":53}},{"start":{"line":263,"column":53},"end":{"line":263,"column":null}}],"line":263},"28":{"loc":{"start":{"line":295,"column":24},"end":{"line":295,"column":null}},"type":"binary-expr","locations":[{"start":{"line":295,"column":24},"end":{"line":295,"column":48}},{"start":{"line":295,"column":48},"end":{"line":295,"column":null}}],"line":295},"29":{"loc":{"start":{"line":298,"column":8},"end":{"line":307,"column":null}},"type":"if","locations":[{"start":{"line":298,"column":8},"end":{"line":307,"column":null}},{"start":{"line":300,"column":15},"end":{"line":307,"column":null}}],"line":298},"30":{"loc":{"start":{"line":327,"column":4},"end":{"line":351,"column":null}},"type":"if","locations":[{"start":{"line":327,"column":4},"end":{"line":351,"column":null}},{"start":{},"end":{}}],"line":327},"31":{"loc":{"start":{"line":327,"column":4},"end":{"line":327,"column":85}},"type":"binary-expr","locations":[{"start":{"line":327,"column":9},"end":{"line":327,"column":22}},{"start":{"line":327,"column":22},"end":{"line":327,"column":48}},{"start":{"line":327,"column":48},"end":{"line":327,"column":62}},{"start":{"line":327,"column":62},"end":{"line":327,"column":85}}],"line":327},"32":{"loc":{"start":{"line":336,"column":20},"end":{"line":336,"column":null}},"type":"if","locations":[{"start":{"line":336,"column":20},"end":{"line":336,"column":null}},{"start":{},"end":{}}],"line":336}},"s":{"0":1,"1":1,"2":1,"3":26,"4":26,"5":25,"6":25,"7":0,"8":25,"9":0,"10":25,"11":2,"12":25,"13":0,"14":25,"15":0,"16":25,"17":0,"18":25,"19":0,"20":25,"21":1,"22":11,"23":1,"24":1,"25":1,"26":1,"27":1,"28":1,"29":1,"30":1,"31":2,"32":2,"33":1,"34":1,"35":1,"36":1,"37":1,"38":1,"39":1,"40":1,"41":1,"42":1,"43":1,"44":1,"45":1,"46":1,"47":1,"48":0,"49":1,"50":1,"51":1,"52":1,"53":1,"54":1,"55":1,"56":1,"57":1,"58":1,"59":1,"60":1,"61":1,"62":0,"63":1,"64":1,"65":1,"66":1,"67":1,"68":1,"69":1,"70":1,"71":1,"72":1,"73":1,"74":1,"75":3,"76":3,"77":0,"78":3,"79":2,"80":3,"81":1,"82":2,"83":1,"84":2,"85":2,"86":1,"87":1,"88":1,"89":2,"90":2,"91":2,"92":16,"93":1,"94":15,"95":15,"96":15,"97":0,"98":15,"99":2,"100":1,"101":1,"102":1,"103":1,"104":1,"105":1,"106":1,"107":1,"108":1,"109":1,"110":1,"111":1,"112":1,"113":1,"114":1,"115":1,"116":1,"117":1,"118":1,"119":1,"120":1,"121":1,"122":1,"123":1,"124":1,"125":1,"126":3,"127":3,"128":2,"129":3,"130":2,"131":2,"132":1,"133":1,"134":1,"135":1,"136":1,"137":1,"138":1,"139":2,"140":1,"141":1,"142":1,"143":1,"144":1,"145":1,"146":1,"147":2,"148":2,"149":1,"150":1,"151":1,"152":2,"153":2,"154":2,"155":2,"156":2,"157":2,"158":2,"159":2,"160":3,"161":3,"162":2,"163":3,"164":1,"165":2,"166":2,"167":2,"168":1,"169":1,"170":1,"171":1,"172":1,"173":1,"174":1,"175":1,"176":1,"177":1,"178":1,"179":2,"180":2,"181":2,"182":13,"183":1,"184":12,"185":12,"186":12,"187":1,"188":1,"189":1},"f":{"0":26,"1":11,"2":1,"3":1,"4":1,"5":2,"6":1,"7":1,"8":1,"9":1,"10":1,"11":1,"12":1,"13":1,"14":1,"15":1,"16":1,"17":1,"18":1,"19":1,"20":1,"21":1,"22":1,"23":1,"24":3,"25":0,"26":2,"27":1,"28":0,"29":1,"30":1,"31":1,"32":1,"33":1,"34":1,"35":1,"36":1,"37":1,"38":1,"39":1,"40":1,"41":1,"42":1,"43":3,"44":2,"45":1,"46":1,"47":1,"48":1,"49":1,"50":1,"51":1,"52":2,"53":2,"54":3,"55":2,"56":1,"57":1,"58":1,"59":1},"b":{"0":[0,25],"1":[0,25],"2":[2,23],"3":[0,25],"4":[0,25],"5":[0,25],"6":[0,25],"7":[1,0],"8":[0,1],"9":[1,2],"10":[1,1],"11":[1,15],"12":[0,15],"13":[1,0],"14":[1,0],"15":[1,0],"16":[1,0],"17":[1,0],"18":[1,0],"19":[2,1],"20":[1,1],"21":[2,1],"22":[1,1],"23":[1,0],"24":[1,1],"25":[1,1],"26":[1,0],"27":[1,1],"28":[2,1],"29":[1,2],"30":[1,0],"31":[1,1,1,1],"32":[1,12]},"meta":{"lastBranch":33,"lastFunction":60,"lastStatement":190,"seen":{"s:5:6:5:Infinity":0,"s:6:18:6:Infinity":1,"s:7:16:7:Infinity":2,"f:10:16:10:25":0,"s:11:4:36:Infinity":3,"s:12:19:12:Infinity":4,"s:13:17:13:Infinity":5,"b:16:6:16:Infinity:undefined:undefined:undefined:undefined":0,"s:16:6:16:Infinity":6,"s:16:21:16:Infinity":7,"b:17:6:17:Infinity:undefined:undefined:undefined:undefined":1,"s:17:6:17:Infinity":8,"s:17:21:17:Infinity":9,"b:18:6:18:Infinity:undefined:undefined:undefined:undefined":2,"s:18:6:18:Infinity":10,"s:18:23:18:Infinity":11,"b:19:6:19:Infinity:undefined:undefined:undefined:undefined":3,"s:19:6:19:Infinity":12,"s:19:25:19:Infinity":13,"b:20:6:20:Infinity:undefined:undefined:undefined:undefined":4,"s:20:6:20:Infinity":14,"s:20:24:20:Infinity":15,"b:21:6:21:Infinity:undefined:undefined:undefined:undefined":5,"s:21:6:21:Infinity":16,"s:21:29:21:Infinity":17,"b:22:6:22:Infinity:undefined:undefined:undefined:undefined":6,"s:22:6:22:Infinity":18,"s:22:29:22:Infinity":19,"s:24:6:24:Infinity":20,"s:27:6:35:Infinity":21,"f:39:16:39:24":1,"s:40:4:40:Infinity":22,"f:44:8:44:23":2,"s:45:15:45:Infinity":23,"s:46:4:46:Infinity":24,"f:46:25:46:26":3,"s:46:37:46:54":25,"f:49:8:49:19":4,"s:50:15:50:Infinity":26,"s:51:20:51:Infinity":27,"s:52:4:52:Infinity":28,"s:53:4:53:Infinity":29,"s:54:4:54:Infinity":30,"f:58:8:58:19":5,"s:59:15:59:Infinity":31,"s:60:4:60:Infinity":32,"f:63:8:63:16":6,"s:64:15:64:Infinity":33,"s:65:4:65:Infinity":34,"f:65:25:65:26":7,"s:65:37:65:48":35,"f:68:8:68:19":8,"s:69:15:69:Infinity":36,"s:70:20:70:Infinity":37,"s:71:4:71:Infinity":38,"s:72:4:72:Infinity":39,"s:73:4:73:Infinity":40,"f:76:8:76:19":9,"s:77:15:77:Infinity":41,"s:78:18:78:Infinity":42,"f:78:37:78:38":10,"s:78:49:78:60":43,"b:79:4:83:Infinity:undefined:undefined:undefined:undefined":7,"s:79:4:83:Infinity":44,"s:80:6:80:Infinity":45,"s:81:6:81:Infinity":46,"s:82:6:82:Infinity":47,"s:84:4:84:Infinity":48,"f:87:8:87:19":11,"s:88:15:88:Infinity":49,"s:89:4:89:Infinity":50,"f:89:31:89:32":12,"s:89:43:89:54":51,"s:90:4:90:Infinity":52,"f:94:8:94:23":13,"s:95:15:95:Infinity":53,"s:96:4:100:Infinity":54,"f:96:28:96:29":14,"s:96:41:100:6":55,"f:98:26:98:27":15,"s:98:38:98:56":56,"f:99:30:99:31":16,"s:99:43:99:64":57,"f:103:8:103:20":17,"s:104:15:104:Infinity":58,"s:105:21:105:Infinity":59,"f:105:39:105:40":18,"s:105:51:105:62":60,"b:106:4:106:Infinity:undefined:undefined:undefined:undefined":8,"s:106:4:106:Infinity":61,"s:106:19:106:Infinity":62,"s:108:4:112:Infinity":63,"f:110:26:110:27":19,"s:110:38:110:63":64,"f:111:30:111:31":20,"s:111:43:111:71":65,"f:115:8:115:23":21,"s:116:15:116:Infinity":66,"s:117:24:117:Infinity":67,"s:118:4:118:Infinity":68,"s:119:4:119:Infinity":69,"s:120:4:120:Infinity":70,"f:123:8:123:23":22,"s:124:15:124:Infinity":71,"s:125:4:125:Infinity":72,"f:125:39:125:40":23,"s:125:51:125:62":73,"s:126:4:126:Infinity":74,"f:130:8:130:24":24,"s:131:15:131:Infinity":75,"s:132:21:132:Infinity":76,"f:132:45:132:46":25,"s:132:57:132:85":77,"s:134:21:134:Infinity":78,"f:134:39:134:40":26,"s:134:51:134:70":79,"b:135:4:135:Infinity:undefined:undefined:undefined:undefined":9,"s:135:4:135:Infinity":80,"s:135:19:135:Infinity":81,"s:137:19:137:Infinity":82,"f:137:35:137:36":27,"s:137:47:137:74":83,"s:138:18:138:Infinity":84,"b:139:4:158:Infinity:undefined:undefined:undefined:undefined":10,"s:139:4:158:Infinity":85,"s:140:21:140:Infinity":86,"s:141:8:157:Infinity":87,"s:141:21:141:24":88,"s:142:30:142:Infinity":89,"s:143:12:156:Infinity":90,"s:143:25:143:28":91,"b:144:16:144:Infinity:undefined:undefined:undefined:undefined":11,"s:144:16:144:Infinity":92,"s:144:52:144:Infinity":93,"s:145:32:145:Infinity":94,"s:146:31:146:Infinity":95,"s:148:34:148:Infinity":96,"f:148:48:148:49":28,"s:148:60:148:80":97,"s:150:16:155:Infinity":98,"b:153:40:153:59:153:59:153:Infinity":12,"s:159:4:159:Infinity":99,"f:163:8:163:21":29,"s:164:15:164:Infinity":100,"s:165:4:165:Infinity":101,"f:169:8:169:25":30,"s:170:15:170:Infinity":102,"s:171:4:190:Infinity":103,"f:171:27:171:28":31,"s:172:25:172:Infinity":104,"f:172:43:172:44":32,"s:172:55:172:77":105,"s:173:21:173:Infinity":106,"b:173:32:173:87:173:87:173:Infinity":13,"f:173:46:173:47":33,"s:173:58:173:83":107,"s:175:8:189:Infinity":108,"b:177:33:177:57:177:57:177:Infinity":14,"f:179:22:179:23":34,"s:179:35:179:57":109,"f:180:19:180:20":35,"s:182:31:182:Infinity":110,"s:183:33:183:Infinity":111,"b:183:52:183:63:183:63:183:Infinity":15,"s:184:17:187:Infinity":112,"f:193:8:193:24":36,"s:194:15:194:Infinity":113,"s:196:25:196:Infinity":114,"f:196:44:196:45":37,"s:196:56:196:76":115,"s:198:4:216:Infinity":116,"f:198:28:198:29":38,"s:199:25:199:Infinity":117,"f:199:43:199:44":39,"s:199:55:199:77":118,"s:200:21:200:Infinity":119,"b:200:32:200:87:200:87:200:Infinity":16,"f:200:46:200:47":40,"s:200:58:200:83":120,"s:202:8:215:Infinity":121,"b:204:33:204:57:204:57:204:Infinity":17,"f:206:22:206:23":41,"s:206:35:206:57":122,"f:207:19:207:20":42,"s:208:31:208:Infinity":123,"s:209:33:209:Infinity":124,"b:209:52:209:63:209:63:209:Infinity":18,"s:210:17:213:Infinity":125,"f:219:8:219:28":43,"s:220:15:220:Infinity":126,"s:221:20:221:Infinity":127,"f:221:37:221:38":44,"s:221:49:221:60":128,"b:222:4:255:Infinity:undefined:undefined:undefined:undefined":19,"s:222:4:255:Infinity":129,"s:223:6:223:Infinity":130,"b:226:6:238:Infinity:undefined:undefined:undefined:undefined":20,"s:226:6:238:Infinity":131,"b:226:10:226:35:226:35:226:57":21,"s:228:30:228:Infinity":132,"f:228:54:228:55":45,"s:228:67:228:87":133,"s:229:9:237:Infinity":134,"f:229:30:229:31":46,"s:231:33:233:Infinity":135,"f:232:17:232:18":47,"s:232:29:232:Infinity":136,"b:232:29:232:57:232:57:232:Infinity":22,"b:234:13:236:Infinity:undefined:undefined:undefined:undefined":23,"s:234:13:236:Infinity":137,"s:235:17:235:Infinity":138,"b:241:6:251:Infinity:undefined:undefined:undefined:undefined":24,"s:241:6:251:Infinity":139,"s:242:30:242:Infinity":140,"f:242:54:242:55":48,"s:242:67:242:87":141,"s:243:9:250:Infinity":142,"f:243:30:243:31":49,"s:244:33:246:Infinity":143,"f:245:17:245:18":50,"s:245:29:245:Infinity":144,"b:245:29:245:57:245:57:245:Infinity":25,"b:247:13:249:Infinity:undefined:undefined:undefined:undefined":26,"s:247:13:249:Infinity":145,"s:248:17:248:Infinity":146,"s:253:6:253:Infinity":147,"s:254:6:254:Infinity":148,"s:256:4:256:Infinity":149,"f:259:8:259:22":51,"s:260:15:260:Infinity":150,"s:261:4:270:Infinity":151,"f:261:23:261:29":52,"s:262:21:262:Infinity":152,"s:263:23:263:Infinity":153,"b:263:42:263:53:263:53:263:Infinity":27,"s:264:24:264:Infinity":154,"s:265:7:269:Infinity":155,"f:273:8:273:33":53,"s:274:15:274:Infinity":156,"s:277:23:281:Infinity":157,"s:282:4:282:Infinity":158,"s:285:4:308:Infinity":159,"f:285:20:285:30":54,"s:287:8:291:Infinity":160,"s:294:36:296:Infinity":161,"f:295:12:295:13":55,"s:295:24:295:Infinity":162,"b:295:24:295:48:295:48:295:Infinity":28,"b:298:8:307:Infinity:300:15:307:Infinity":29,"s:298:8:307:Infinity":163,"s:299:12:299:Infinity":164,"s:301:12:306:Infinity":165,"s:310:4:310:Infinity":166,"s:311:4:311:Infinity":167,"f:314:8:314:19":56,"s:315:15:315:Infinity":168,"s:316:4:320:Infinity":169,"f:319:42:319:43":57,"s:319:54:319:76":170,"f:323:8:323:26":58,"s:324:15:324:Infinity":171,"b:327:4:351:Infinity:undefined:undefined:undefined:undefined":30,"s:327:4:351:Infinity":172,"b:327:9:327:22:327:22:327:48:327:48:327:62:327:62:327:85":31,"s:328:8:328:Infinity":173,"s:329:8:329:Infinity":174,"s:331:8:348:Infinity":175,"f:331:27:331:28":59,"s:332:25:332:Infinity":176,"s:333:12:347:Infinity":177,"s:333:25:333:28":178,"s:334:34:334:Infinity":179,"s:335:16:346:Infinity":180,"s:335:29:335:32":181,"b:336:20:336:Infinity:undefined:undefined:undefined:undefined":32,"s:336:20:336:Infinity":182,"s:336:56:336:Infinity":183,"s:338:39:338:Infinity":184,"s:340:36:344:Infinity":185,"s:345:20:345:Infinity":186,"s:349:8:349:Infinity":187,"s:350:8:350:Infinity":188,"s:355:23:355:Infinity":189}}}
}
